[2025-03-16T18:18:12.051+0000] {taskinstance.py:1157} INFO - Dependencies all met for dep_context=non-requeueable deps ti=<TaskInstance: passanger_traffic.creare2 manual__2025-03-16T18:18:06.601288+00:00 [queued]>
[2025-03-16T18:18:12.056+0000] {taskinstance.py:1157} INFO - Dependencies all met for dep_context=requeueable deps ti=<TaskInstance: passanger_traffic.creare2 manual__2025-03-16T18:18:06.601288+00:00 [queued]>
[2025-03-16T18:18:12.056+0000] {taskinstance.py:1359} INFO - Starting attempt 1 of 2
[2025-03-16T18:18:12.061+0000] {taskinstance.py:1380} INFO - Executing <Task(PostgresOperator): creare2> on 2025-03-16 18:18:06.601288+00:00
[2025-03-16T18:18:12.063+0000] {standard_task_runner.py:57} INFO - Started process 203 to run task
[2025-03-16T18:18:12.065+0000] {standard_task_runner.py:84} INFO - Running: ['***', 'tasks', 'run', 'passanger_traffic', 'creare2', 'manual__2025-03-16T18:18:06.601288+00:00', '--job-id', '6', '--raw', '--subdir', 'DAGS_FOLDER/passenger_traffic_dag.py', '--cfg-path', '/tmp/tmpjya9sivl']
[2025-03-16T18:18:12.067+0000] {standard_task_runner.py:85} INFO - Job 6: Subtask creare2
[2025-03-16T18:18:12.076+0000] {logging_mixin.py:151} WARNING - /home/***/.local/lib/python3.8/site-packages/***/settings.py:195 DeprecationWarning: The sql_alchemy_conn option in [core] has been moved to the sql_alchemy_conn option in [database] - the old setting has been used, but please update your config.
[2025-03-16T18:18:12.097+0000] {task_command.py:415} INFO - Running <TaskInstance: passanger_traffic.creare2 manual__2025-03-16T18:18:06.601288+00:00 [running]> on host 646f6f6fd47c
[2025-03-16T18:18:12.144+0000] {taskinstance.py:1660} INFO - Exporting env vars: AIRFLOW_CTX_DAG_OWNER='***' AIRFLOW_CTX_DAG_ID='passanger_traffic' AIRFLOW_CTX_TASK_ID='creare2' AIRFLOW_CTX_EXECUTION_DATE='2025-03-16T18:18:06.601288+00:00' AIRFLOW_CTX_TRY_NUMBER='1' AIRFLOW_CTX_DAG_RUN_ID='manual__2025-03-16T18:18:06.601288+00:00'
[2025-03-16T18:18:12.145+0000] {sql.py:274} INFO - Executing: 
    DROP TABLE IF EXISTS presentation.passenger_traffic;


    CREATE TABLE IF NOT EXISTS presentation.passenger_traffic (
         created_at timestamp,
         flight_date date,
         airport_code char(3),
         linked_airport_code char(3),
         flights_in integer,
         flights_out integer,
         passengers_in integer,
         passengers_out integer);
[2025-03-16T18:18:12.151+0000] {base.py:73} INFO - Using connection ID '***_dwh' for task execution.
[2025-03-16T18:18:12.157+0000] {base.py:73} INFO - Using connection ID '***_dwh' for task execution.
[2025-03-16T18:18:12.162+0000] {sql.py:418} INFO - Running statement: 
    DROP TABLE IF EXISTS presentation.passenger_traffic;


    CREATE TABLE IF NOT EXISTS presentation.passenger_traffic (
         created_at timestamp,
         flight_date date,
         airport_code char(3),
         linked_airport_code char(3),
         flights_in integer,
         flights_out integer,
         passengers_in integer,
         passengers_out integer);, parameters: None
[2025-03-16T18:18:12.173+0000] {taskinstance.py:1398} INFO - Marking task as SUCCESS. dag_id=passanger_traffic, task_id=creare2, execution_date=20250316T181806, start_date=20250316T181812, end_date=20250316T181812
[2025-03-16T18:18:12.207+0000] {local_task_job_runner.py:228} INFO - Task exited with return code 0
[2025-03-16T18:18:12.223+0000] {taskinstance.py:2776} INFO - 1 downstream tasks scheduled from follow-on schedule check
