[2025-03-16T16:46:10.675+0000] {taskinstance.py:1157} INFO - Dependencies all met for dep_context=non-requeueable deps ti=<TaskInstance: passanger_traffic.creare1 scheduled__2025-03-15T03:00:00+00:00 [queued]>
[2025-03-16T16:46:10.680+0000] {taskinstance.py:1157} INFO - Dependencies all met for dep_context=requeueable deps ti=<TaskInstance: passanger_traffic.creare1 scheduled__2025-03-15T03:00:00+00:00 [queued]>
[2025-03-16T16:46:10.680+0000] {taskinstance.py:1359} INFO - Starting attempt 1 of 2
[2025-03-16T16:46:10.687+0000] {taskinstance.py:1380} INFO - Executing <Task(PostgresOperator): creare1> on 2025-03-15 03:00:00+00:00
[2025-03-16T16:46:10.690+0000] {standard_task_runner.py:57} INFO - Started process 250 to run task
[2025-03-16T16:46:10.692+0000] {standard_task_runner.py:84} INFO - Running: ['***', 'tasks', 'run', 'passanger_traffic', 'creare1', 'scheduled__2025-03-15T03:00:00+00:00', '--job-id', '2', '--raw', '--subdir', 'DAGS_FOLDER/passenger_traffic_dag.py', '--cfg-path', '/tmp/tmphnx0zjzf']
[2025-03-16T16:46:10.694+0000] {standard_task_runner.py:85} INFO - Job 2: Subtask creare1
[2025-03-16T16:46:10.705+0000] {logging_mixin.py:151} WARNING - /home/***/.local/lib/python3.8/site-packages/***/settings.py:195 DeprecationWarning: The sql_alchemy_conn option in [core] has been moved to the sql_alchemy_conn option in [database] - the old setting has been used, but please update your config.
[2025-03-16T16:46:10.729+0000] {task_command.py:415} INFO - Running <TaskInstance: passanger_traffic.creare1 scheduled__2025-03-15T03:00:00+00:00 [running]> on host 4d90099fcfcb
[2025-03-16T16:46:10.780+0000] {taskinstance.py:1660} INFO - Exporting env vars: AIRFLOW_CTX_DAG_OWNER='***' AIRFLOW_CTX_DAG_ID='passanger_traffic' AIRFLOW_CTX_TASK_ID='creare1' AIRFLOW_CTX_EXECUTION_DATE='2025-03-15T03:00:00+00:00' AIRFLOW_CTX_TRY_NUMBER='1' AIRFLOW_CTX_DAG_RUN_ID='scheduled__2025-03-15T03:00:00+00:00'
[2025-03-16T16:46:10.781+0000] {sql.py:274} INFO - Executing: 
    CREATE SCHEMA IF NOT EXISTS presentation;
[2025-03-16T16:46:10.787+0000] {base.py:73} INFO - Using connection ID '***_dwh' for task execution.
[2025-03-16T16:46:10.795+0000] {base.py:73} INFO - Using connection ID '***_dwh' for task execution.
[2025-03-16T16:46:10.800+0000] {sql.py:418} INFO - Running statement: 
    CREATE SCHEMA IF NOT EXISTS presentation;, parameters: None
[2025-03-16T16:46:10.809+0000] {taskinstance.py:1398} INFO - Marking task as SUCCESS. dag_id=passanger_traffic, task_id=creare1, execution_date=20250315T030000, start_date=20250316T164610, end_date=20250316T164610
[2025-03-16T16:46:10.831+0000] {local_task_job_runner.py:228} INFO - Task exited with return code 0
[2025-03-16T16:46:10.847+0000] {taskinstance.py:2776} INFO - 1 downstream tasks scheduled from follow-on schedule check
[2025-03-16T17:27:16.958+0000] {taskinstance.py:1157} INFO - Dependencies all met for dep_context=non-requeueable deps ti=<TaskInstance: passanger_traffic.creare1 scheduled__2025-03-15T03:00:00+00:00 [queued]>
[2025-03-16T17:27:16.963+0000] {taskinstance.py:1157} INFO - Dependencies all met for dep_context=requeueable deps ti=<TaskInstance: passanger_traffic.creare1 scheduled__2025-03-15T03:00:00+00:00 [queued]>
[2025-03-16T17:27:16.964+0000] {taskinstance.py:1359} INFO - Starting attempt 1 of 2
[2025-03-16T17:27:16.970+0000] {taskinstance.py:1380} INFO - Executing <Task(PostgresOperator): creare1> on 2025-03-15 03:00:00+00:00
[2025-03-16T17:27:16.972+0000] {standard_task_runner.py:57} INFO - Started process 260 to run task
[2025-03-16T17:27:16.975+0000] {standard_task_runner.py:84} INFO - Running: ['***', 'tasks', 'run', 'passanger_traffic', 'creare1', 'scheduled__2025-03-15T03:00:00+00:00', '--job-id', '2', '--raw', '--subdir', 'DAGS_FOLDER/passenger_traffic_dag.py', '--cfg-path', '/tmp/tmp5ie8y31b']
[2025-03-16T17:27:16.977+0000] {standard_task_runner.py:85} INFO - Job 2: Subtask creare1
[2025-03-16T17:27:16.989+0000] {logging_mixin.py:151} WARNING - /home/***/.local/lib/python3.8/site-packages/***/settings.py:195 DeprecationWarning: The sql_alchemy_conn option in [core] has been moved to the sql_alchemy_conn option in [database] - the old setting has been used, but please update your config.
[2025-03-16T17:27:17.016+0000] {task_command.py:415} INFO - Running <TaskInstance: passanger_traffic.creare1 scheduled__2025-03-15T03:00:00+00:00 [running]> on host d1ac8e116626
[2025-03-16T17:27:17.069+0000] {taskinstance.py:1660} INFO - Exporting env vars: AIRFLOW_CTX_DAG_OWNER='***' AIRFLOW_CTX_DAG_ID='passanger_traffic' AIRFLOW_CTX_TASK_ID='creare1' AIRFLOW_CTX_EXECUTION_DATE='2025-03-15T03:00:00+00:00' AIRFLOW_CTX_TRY_NUMBER='1' AIRFLOW_CTX_DAG_RUN_ID='scheduled__2025-03-15T03:00:00+00:00'
[2025-03-16T17:27:17.070+0000] {sql.py:274} INFO - Executing: 
    CREATE SCHEMA IF NOT EXISTS presentation;
[2025-03-16T17:27:17.076+0000] {base.py:73} INFO - Using connection ID '***_dwh' for task execution.
[2025-03-16T17:27:17.084+0000] {base.py:73} INFO - Using connection ID '***_dwh' for task execution.
[2025-03-16T17:27:17.089+0000] {sql.py:418} INFO - Running statement: 
    CREATE SCHEMA IF NOT EXISTS presentation;, parameters: None
[2025-03-16T17:27:17.097+0000] {taskinstance.py:1398} INFO - Marking task as SUCCESS. dag_id=passanger_traffic, task_id=creare1, execution_date=20250315T030000, start_date=20250316T172716, end_date=20250316T172717
[2025-03-16T17:27:17.116+0000] {local_task_job_runner.py:228} INFO - Task exited with return code 0
[2025-03-16T17:27:17.132+0000] {taskinstance.py:2776} INFO - 1 downstream tasks scheduled from follow-on schedule check
[2025-03-16T18:05:44.251+0000] {taskinstance.py:1157} INFO - Dependencies all met for dep_context=non-requeueable deps ti=<TaskInstance: passanger_traffic.creare1 scheduled__2025-03-15T03:00:00+00:00 [queued]>
[2025-03-16T18:05:44.255+0000] {taskinstance.py:1157} INFO - Dependencies all met for dep_context=requeueable deps ti=<TaskInstance: passanger_traffic.creare1 scheduled__2025-03-15T03:00:00+00:00 [queued]>
[2025-03-16T18:05:44.256+0000] {taskinstance.py:1359} INFO - Starting attempt 1 of 2
[2025-03-16T18:05:44.263+0000] {taskinstance.py:1380} INFO - Executing <Task(PostgresOperator): creare1> on 2025-03-15 03:00:00+00:00
[2025-03-16T18:05:44.266+0000] {standard_task_runner.py:57} INFO - Started process 195 to run task
[2025-03-16T18:05:44.268+0000] {standard_task_runner.py:84} INFO - Running: ['***', 'tasks', 'run', 'passanger_traffic', 'creare1', 'scheduled__2025-03-15T03:00:00+00:00', '--job-id', '2', '--raw', '--subdir', 'DAGS_FOLDER/passenger_traffic_dag.py', '--cfg-path', '/tmp/tmpa5u95hng']
[2025-03-16T18:05:44.270+0000] {standard_task_runner.py:85} INFO - Job 2: Subtask creare1
[2025-03-16T18:05:44.282+0000] {logging_mixin.py:151} WARNING - /home/***/.local/lib/python3.8/site-packages/***/settings.py:195 DeprecationWarning: The sql_alchemy_conn option in [core] has been moved to the sql_alchemy_conn option in [database] - the old setting has been used, but please update your config.
[2025-03-16T18:05:44.322+0000] {task_command.py:415} INFO - Running <TaskInstance: passanger_traffic.creare1 scheduled__2025-03-15T03:00:00+00:00 [running]> on host 80dc56725c49
[2025-03-16T18:05:44.396+0000] {taskinstance.py:1660} INFO - Exporting env vars: AIRFLOW_CTX_DAG_OWNER='***' AIRFLOW_CTX_DAG_ID='passanger_traffic' AIRFLOW_CTX_TASK_ID='creare1' AIRFLOW_CTX_EXECUTION_DATE='2025-03-15T03:00:00+00:00' AIRFLOW_CTX_TRY_NUMBER='1' AIRFLOW_CTX_DAG_RUN_ID='scheduled__2025-03-15T03:00:00+00:00'
[2025-03-16T18:05:44.397+0000] {sql.py:274} INFO - Executing: 
    CREATE SCHEMA IF NOT EXISTS presentation;
[2025-03-16T18:05:44.405+0000] {base.py:73} INFO - Using connection ID '***_dwh' for task execution.
[2025-03-16T18:05:44.416+0000] {base.py:73} INFO - Using connection ID '***_dwh' for task execution.
[2025-03-16T18:05:44.420+0000] {sql.py:418} INFO - Running statement: 
    CREATE SCHEMA IF NOT EXISTS presentation;, parameters: None
[2025-03-16T18:05:44.437+0000] {taskinstance.py:1398} INFO - Marking task as SUCCESS. dag_id=passanger_traffic, task_id=creare1, execution_date=20250315T030000, start_date=20250316T180544, end_date=20250316T180544
[2025-03-16T18:05:44.448+0000] {local_task_job_runner.py:228} INFO - Task exited with return code 0
[2025-03-16T18:05:44.467+0000] {taskinstance.py:2776} INFO - 1 downstream tasks scheduled from follow-on schedule check
[2025-03-16T18:18:06.483+0000] {taskinstance.py:1157} INFO - Dependencies all met for dep_context=non-requeueable deps ti=<TaskInstance: passanger_traffic.creare1 scheduled__2025-03-15T03:00:00+00:00 [queued]>
[2025-03-16T18:18:06.487+0000] {taskinstance.py:1157} INFO - Dependencies all met for dep_context=requeueable deps ti=<TaskInstance: passanger_traffic.creare1 scheduled__2025-03-15T03:00:00+00:00 [queued]>
[2025-03-16T18:18:06.487+0000] {taskinstance.py:1359} INFO - Starting attempt 1 of 2
[2025-03-16T18:18:06.493+0000] {taskinstance.py:1380} INFO - Executing <Task(PostgresOperator): creare1> on 2025-03-15 03:00:00+00:00
[2025-03-16T18:18:06.495+0000] {standard_task_runner.py:57} INFO - Started process 190 to run task
[2025-03-16T18:18:06.497+0000] {standard_task_runner.py:84} INFO - Running: ['***', 'tasks', 'run', 'passanger_traffic', 'creare1', 'scheduled__2025-03-15T03:00:00+00:00', '--job-id', '2', '--raw', '--subdir', 'DAGS_FOLDER/passenger_traffic_dag.py', '--cfg-path', '/tmp/tmprr__ps6o']
[2025-03-16T18:18:06.498+0000] {standard_task_runner.py:85} INFO - Job 2: Subtask creare1
[2025-03-16T18:18:06.510+0000] {logging_mixin.py:151} WARNING - /home/***/.local/lib/python3.8/site-packages/***/settings.py:195 DeprecationWarning: The sql_alchemy_conn option in [core] has been moved to the sql_alchemy_conn option in [database] - the old setting has been used, but please update your config.
[2025-03-16T18:18:06.535+0000] {task_command.py:415} INFO - Running <TaskInstance: passanger_traffic.creare1 scheduled__2025-03-15T03:00:00+00:00 [running]> on host 646f6f6fd47c
[2025-03-16T18:18:06.586+0000] {taskinstance.py:1660} INFO - Exporting env vars: AIRFLOW_CTX_DAG_OWNER='***' AIRFLOW_CTX_DAG_ID='passanger_traffic' AIRFLOW_CTX_TASK_ID='creare1' AIRFLOW_CTX_EXECUTION_DATE='2025-03-15T03:00:00+00:00' AIRFLOW_CTX_TRY_NUMBER='1' AIRFLOW_CTX_DAG_RUN_ID='scheduled__2025-03-15T03:00:00+00:00'
[2025-03-16T18:18:06.587+0000] {sql.py:274} INFO - Executing: 
    CREATE SCHEMA IF NOT EXISTS presentation;
[2025-03-16T18:18:06.593+0000] {base.py:73} INFO - Using connection ID '***_dwh' for task execution.
[2025-03-16T18:18:06.601+0000] {base.py:73} INFO - Using connection ID '***_dwh' for task execution.
[2025-03-16T18:18:06.606+0000] {sql.py:418} INFO - Running statement: 
    CREATE SCHEMA IF NOT EXISTS presentation;, parameters: None
[2025-03-16T18:18:06.615+0000] {taskinstance.py:1398} INFO - Marking task as SUCCESS. dag_id=passanger_traffic, task_id=creare1, execution_date=20250315T030000, start_date=20250316T181806, end_date=20250316T181806
[2025-03-16T18:18:06.637+0000] {local_task_job_runner.py:228} INFO - Task exited with return code 0
[2025-03-16T18:18:06.656+0000] {taskinstance.py:2776} INFO - 1 downstream tasks scheduled from follow-on schedule check
[2025-03-16T18:28:03.031+0000] {taskinstance.py:1157} INFO - Dependencies all met for dep_context=non-requeueable deps ti=<TaskInstance: passanger_traffic.creare1 scheduled__2025-03-15T03:00:00+00:00 [queued]>
[2025-03-16T18:28:03.035+0000] {taskinstance.py:1157} INFO - Dependencies all met for dep_context=requeueable deps ti=<TaskInstance: passanger_traffic.creare1 scheduled__2025-03-15T03:00:00+00:00 [queued]>
[2025-03-16T18:28:03.036+0000] {taskinstance.py:1359} INFO - Starting attempt 1 of 2
[2025-03-16T18:28:03.041+0000] {taskinstance.py:1380} INFO - Executing <Task(PostgresOperator): creare1> on 2025-03-15 03:00:00+00:00
[2025-03-16T18:28:03.043+0000] {standard_task_runner.py:57} INFO - Started process 190 to run task
[2025-03-16T18:28:03.045+0000] {standard_task_runner.py:84} INFO - Running: ['***', 'tasks', 'run', 'passanger_traffic', 'creare1', 'scheduled__2025-03-15T03:00:00+00:00', '--job-id', '2', '--raw', '--subdir', 'DAGS_FOLDER/passenger_traffic_dag.py', '--cfg-path', '/tmp/tmpgzw6sti9']
[2025-03-16T18:28:03.047+0000] {standard_task_runner.py:85} INFO - Job 2: Subtask creare1
[2025-03-16T18:28:03.055+0000] {logging_mixin.py:151} WARNING - /home/***/.local/lib/python3.8/site-packages/***/settings.py:195 DeprecationWarning: The sql_alchemy_conn option in [core] has been moved to the sql_alchemy_conn option in [database] - the old setting has been used, but please update your config.
[2025-03-16T18:28:03.077+0000] {task_command.py:415} INFO - Running <TaskInstance: passanger_traffic.creare1 scheduled__2025-03-15T03:00:00+00:00 [running]> on host c29f0f3e1140
[2025-03-16T18:28:03.128+0000] {taskinstance.py:1660} INFO - Exporting env vars: AIRFLOW_CTX_DAG_OWNER='***' AIRFLOW_CTX_DAG_ID='passanger_traffic' AIRFLOW_CTX_TASK_ID='creare1' AIRFLOW_CTX_EXECUTION_DATE='2025-03-15T03:00:00+00:00' AIRFLOW_CTX_TRY_NUMBER='1' AIRFLOW_CTX_DAG_RUN_ID='scheduled__2025-03-15T03:00:00+00:00'
[2025-03-16T18:28:03.129+0000] {sql.py:274} INFO - Executing: 
    CREATE SCHEMA IF NOT EXISTS presentation;
[2025-03-16T18:28:03.134+0000] {base.py:73} INFO - Using connection ID '***_dwh' for task execution.
[2025-03-16T18:28:03.141+0000] {base.py:73} INFO - Using connection ID '***_dwh' for task execution.
[2025-03-16T18:28:03.146+0000] {sql.py:418} INFO - Running statement: 
    CREATE SCHEMA IF NOT EXISTS presentation;, parameters: None
[2025-03-16T18:28:03.154+0000] {taskinstance.py:1398} INFO - Marking task as SUCCESS. dag_id=passanger_traffic, task_id=creare1, execution_date=20250315T030000, start_date=20250316T182803, end_date=20250316T182803
[2025-03-16T18:28:03.196+0000] {local_task_job_runner.py:228} INFO - Task exited with return code 0
[2025-03-16T18:28:03.213+0000] {taskinstance.py:2776} INFO - 1 downstream tasks scheduled from follow-on schedule check
[2025-03-16T19:54:48.262+0000] {taskinstance.py:1157} INFO - Dependencies all met for dep_context=non-requeueable deps ti=<TaskInstance: passanger_traffic.creare1 scheduled__2025-03-15T03:00:00+00:00 [queued]>
[2025-03-16T19:54:48.266+0000] {taskinstance.py:1157} INFO - Dependencies all met for dep_context=requeueable deps ti=<TaskInstance: passanger_traffic.creare1 scheduled__2025-03-15T03:00:00+00:00 [queued]>
[2025-03-16T19:54:48.266+0000] {taskinstance.py:1359} INFO - Starting attempt 1 of 2
[2025-03-16T19:54:48.272+0000] {taskinstance.py:1380} INFO - Executing <Task(PostgresOperator): creare1> on 2025-03-15 03:00:00+00:00
[2025-03-16T19:54:48.274+0000] {standard_task_runner.py:57} INFO - Started process 190 to run task
[2025-03-16T19:54:48.276+0000] {standard_task_runner.py:84} INFO - Running: ['***', 'tasks', 'run', 'passanger_traffic', 'creare1', 'scheduled__2025-03-15T03:00:00+00:00', '--job-id', '2', '--raw', '--subdir', 'DAGS_FOLDER/passenger_traffic_dag.py', '--cfg-path', '/tmp/tmpux6innha']
[2025-03-16T19:54:48.277+0000] {standard_task_runner.py:85} INFO - Job 2: Subtask creare1
[2025-03-16T19:54:48.286+0000] {logging_mixin.py:151} WARNING - /home/***/.local/lib/python3.8/site-packages/***/settings.py:195 DeprecationWarning: The sql_alchemy_conn option in [core] has been moved to the sql_alchemy_conn option in [database] - the old setting has been used, but please update your config.
[2025-03-16T19:54:48.307+0000] {task_command.py:415} INFO - Running <TaskInstance: passanger_traffic.creare1 scheduled__2025-03-15T03:00:00+00:00 [running]> on host 01a81fd2cf97
[2025-03-16T19:54:48.357+0000] {taskinstance.py:1660} INFO - Exporting env vars: AIRFLOW_CTX_DAG_OWNER='***' AIRFLOW_CTX_DAG_ID='passanger_traffic' AIRFLOW_CTX_TASK_ID='creare1' AIRFLOW_CTX_EXECUTION_DATE='2025-03-15T03:00:00+00:00' AIRFLOW_CTX_TRY_NUMBER='1' AIRFLOW_CTX_DAG_RUN_ID='scheduled__2025-03-15T03:00:00+00:00'
[2025-03-16T19:54:48.357+0000] {sql.py:274} INFO - Executing: 
    CREATE SCHEMA IF NOT EXISTS presentation;
[2025-03-16T19:54:48.362+0000] {base.py:73} INFO - Using connection ID '***_dwh' for task execution.
[2025-03-16T19:54:48.369+0000] {base.py:73} INFO - Using connection ID '***_dwh' for task execution.
[2025-03-16T19:54:48.374+0000] {sql.py:418} INFO - Running statement: 
    CREATE SCHEMA IF NOT EXISTS presentation;, parameters: None
[2025-03-16T19:54:48.385+0000] {taskinstance.py:1398} INFO - Marking task as SUCCESS. dag_id=passanger_traffic, task_id=creare1, execution_date=20250315T030000, start_date=20250316T195448, end_date=20250316T195448
[2025-03-16T19:54:48.418+0000] {local_task_job_runner.py:228} INFO - Task exited with return code 0
[2025-03-16T19:54:48.435+0000] {taskinstance.py:2776} INFO - 1 downstream tasks scheduled from follow-on schedule check
[2025-03-16T20:03:54.393+0000] {taskinstance.py:1157} INFO - Dependencies all met for dep_context=non-requeueable deps ti=<TaskInstance: passanger_traffic.creare1 scheduled__2025-03-15T03:00:00+00:00 [queued]>
[2025-03-16T20:03:54.398+0000] {taskinstance.py:1157} INFO - Dependencies all met for dep_context=requeueable deps ti=<TaskInstance: passanger_traffic.creare1 scheduled__2025-03-15T03:00:00+00:00 [queued]>
[2025-03-16T20:03:54.398+0000] {taskinstance.py:1359} INFO - Starting attempt 1 of 2
[2025-03-16T20:03:54.405+0000] {taskinstance.py:1380} INFO - Executing <Task(PostgresOperator): creare1> on 2025-03-15 03:00:00+00:00
[2025-03-16T20:03:54.407+0000] {standard_task_runner.py:57} INFO - Started process 190 to run task
[2025-03-16T20:03:54.409+0000] {standard_task_runner.py:84} INFO - Running: ['***', 'tasks', 'run', 'passanger_traffic', 'creare1', 'scheduled__2025-03-15T03:00:00+00:00', '--job-id', '2', '--raw', '--subdir', 'DAGS_FOLDER/passenger_traffic_dag.py', '--cfg-path', '/tmp/tmpim_so764']
[2025-03-16T20:03:54.412+0000] {standard_task_runner.py:85} INFO - Job 2: Subtask creare1
[2025-03-16T20:03:54.424+0000] {logging_mixin.py:151} WARNING - /home/***/.local/lib/python3.8/site-packages/***/settings.py:195 DeprecationWarning: The sql_alchemy_conn option in [core] has been moved to the sql_alchemy_conn option in [database] - the old setting has been used, but please update your config.
[2025-03-16T20:03:54.453+0000] {task_command.py:415} INFO - Running <TaskInstance: passanger_traffic.creare1 scheduled__2025-03-15T03:00:00+00:00 [running]> on host 16ae585d7ab0
[2025-03-16T20:03:54.510+0000] {taskinstance.py:1660} INFO - Exporting env vars: AIRFLOW_CTX_DAG_OWNER='***' AIRFLOW_CTX_DAG_ID='passanger_traffic' AIRFLOW_CTX_TASK_ID='creare1' AIRFLOW_CTX_EXECUTION_DATE='2025-03-15T03:00:00+00:00' AIRFLOW_CTX_TRY_NUMBER='1' AIRFLOW_CTX_DAG_RUN_ID='scheduled__2025-03-15T03:00:00+00:00'
[2025-03-16T20:03:54.511+0000] {sql.py:274} INFO - Executing: 
    CREATE SCHEMA IF NOT EXISTS presentation;
[2025-03-16T20:03:54.517+0000] {base.py:73} INFO - Using connection ID '***_dwh' for task execution.
[2025-03-16T20:03:54.525+0000] {base.py:73} INFO - Using connection ID '***_dwh' for task execution.
[2025-03-16T20:03:54.531+0000] {sql.py:418} INFO - Running statement: 
    CREATE SCHEMA IF NOT EXISTS presentation;, parameters: None
[2025-03-16T20:03:54.540+0000] {taskinstance.py:1398} INFO - Marking task as SUCCESS. dag_id=passanger_traffic, task_id=creare1, execution_date=20250315T030000, start_date=20250316T200354, end_date=20250316T200354
[2025-03-16T20:03:54.553+0000] {local_task_job_runner.py:228} INFO - Task exited with return code 0
[2025-03-16T20:03:54.571+0000] {taskinstance.py:2776} INFO - 1 downstream tasks scheduled from follow-on schedule check
[2025-03-16T20:12:19.445+0000] {taskinstance.py:1157} INFO - Dependencies all met for dep_context=non-requeueable deps ti=<TaskInstance: passanger_traffic.creare1 scheduled__2025-03-15T03:00:00+00:00 [queued]>
[2025-03-16T20:12:19.450+0000] {taskinstance.py:1157} INFO - Dependencies all met for dep_context=requeueable deps ti=<TaskInstance: passanger_traffic.creare1 scheduled__2025-03-15T03:00:00+00:00 [queued]>
[2025-03-16T20:12:19.450+0000] {taskinstance.py:1359} INFO - Starting attempt 1 of 2
[2025-03-16T20:12:19.455+0000] {taskinstance.py:1380} INFO - Executing <Task(PostgresOperator): creare1> on 2025-03-15 03:00:00+00:00
[2025-03-16T20:12:19.458+0000] {standard_task_runner.py:57} INFO - Started process 190 to run task
[2025-03-16T20:12:19.459+0000] {standard_task_runner.py:84} INFO - Running: ['***', 'tasks', 'run', 'passanger_traffic', 'creare1', 'scheduled__2025-03-15T03:00:00+00:00', '--job-id', '2', '--raw', '--subdir', 'DAGS_FOLDER/passenger_traffic_dag.py', '--cfg-path', '/tmp/tmplo2bo_tc']
[2025-03-16T20:12:19.461+0000] {standard_task_runner.py:85} INFO - Job 2: Subtask creare1
[2025-03-16T20:12:19.469+0000] {logging_mixin.py:151} WARNING - /home/***/.local/lib/python3.8/site-packages/***/settings.py:195 DeprecationWarning: The sql_alchemy_conn option in [core] has been moved to the sql_alchemy_conn option in [database] - the old setting has been used, but please update your config.
[2025-03-16T20:12:19.492+0000] {task_command.py:415} INFO - Running <TaskInstance: passanger_traffic.creare1 scheduled__2025-03-15T03:00:00+00:00 [running]> on host b70acf7f0e92
[2025-03-16T20:12:19.544+0000] {taskinstance.py:1660} INFO - Exporting env vars: AIRFLOW_CTX_DAG_OWNER='***' AIRFLOW_CTX_DAG_ID='passanger_traffic' AIRFLOW_CTX_TASK_ID='creare1' AIRFLOW_CTX_EXECUTION_DATE='2025-03-15T03:00:00+00:00' AIRFLOW_CTX_TRY_NUMBER='1' AIRFLOW_CTX_DAG_RUN_ID='scheduled__2025-03-15T03:00:00+00:00'
[2025-03-16T20:12:19.545+0000] {sql.py:274} INFO - Executing: 
    CREATE SCHEMA IF NOT EXISTS presentation;
[2025-03-16T20:12:19.550+0000] {base.py:73} INFO - Using connection ID '***_dwh' for task execution.
[2025-03-16T20:12:19.558+0000] {base.py:73} INFO - Using connection ID '***_dwh' for task execution.
[2025-03-16T20:12:19.562+0000] {sql.py:418} INFO - Running statement: 
    CREATE SCHEMA IF NOT EXISTS presentation;, parameters: None
[2025-03-16T20:12:19.570+0000] {taskinstance.py:1398} INFO - Marking task as SUCCESS. dag_id=passanger_traffic, task_id=creare1, execution_date=20250315T030000, start_date=20250316T201219, end_date=20250316T201219
[2025-03-16T20:12:19.601+0000] {local_task_job_runner.py:228} INFO - Task exited with return code 0
[2025-03-16T20:12:19.617+0000] {taskinstance.py:2776} INFO - 1 downstream tasks scheduled from follow-on schedule check
[2025-03-16T20:25:00.370+0000] {taskinstance.py:1157} INFO - Dependencies all met for dep_context=non-requeueable deps ti=<TaskInstance: passanger_traffic.creare1 scheduled__2025-03-15T03:00:00+00:00 [queued]>
[2025-03-16T20:25:00.375+0000] {taskinstance.py:1157} INFO - Dependencies all met for dep_context=requeueable deps ti=<TaskInstance: passanger_traffic.creare1 scheduled__2025-03-15T03:00:00+00:00 [queued]>
[2025-03-16T20:25:00.375+0000] {taskinstance.py:1359} INFO - Starting attempt 1 of 2
[2025-03-16T20:25:00.380+0000] {taskinstance.py:1380} INFO - Executing <Task(PostgresOperator): creare1> on 2025-03-15 03:00:00+00:00
[2025-03-16T20:25:00.383+0000] {standard_task_runner.py:57} INFO - Started process 219 to run task
[2025-03-16T20:25:00.385+0000] {standard_task_runner.py:84} INFO - Running: ['***', 'tasks', 'run', 'passanger_traffic', 'creare1', 'scheduled__2025-03-15T03:00:00+00:00', '--job-id', '2', '--raw', '--subdir', 'DAGS_FOLDER/passenger_traffic_dag.py', '--cfg-path', '/tmp/tmpjs9dat2v']
[2025-03-16T20:25:00.386+0000] {standard_task_runner.py:85} INFO - Job 2: Subtask creare1
[2025-03-16T20:25:00.395+0000] {logging_mixin.py:151} WARNING - /home/***/.local/lib/python3.8/site-packages/***/settings.py:195 DeprecationWarning: The sql_alchemy_conn option in [core] has been moved to the sql_alchemy_conn option in [database] - the old setting has been used, but please update your config.
[2025-03-16T20:25:00.417+0000] {task_command.py:415} INFO - Running <TaskInstance: passanger_traffic.creare1 scheduled__2025-03-15T03:00:00+00:00 [running]> on host 711ad4f92c48
[2025-03-16T20:25:00.467+0000] {taskinstance.py:1660} INFO - Exporting env vars: AIRFLOW_CTX_DAG_OWNER='***' AIRFLOW_CTX_DAG_ID='passanger_traffic' AIRFLOW_CTX_TASK_ID='creare1' AIRFLOW_CTX_EXECUTION_DATE='2025-03-15T03:00:00+00:00' AIRFLOW_CTX_TRY_NUMBER='1' AIRFLOW_CTX_DAG_RUN_ID='scheduled__2025-03-15T03:00:00+00:00'
[2025-03-16T20:25:00.468+0000] {sql.py:274} INFO - Executing: 
    CREATE SCHEMA IF NOT EXISTS presentation;
[2025-03-16T20:25:00.472+0000] {base.py:73} INFO - Using connection ID '***_dwh' for task execution.
[2025-03-16T20:25:00.480+0000] {base.py:73} INFO - Using connection ID '***_dwh' for task execution.
[2025-03-16T20:25:00.485+0000] {sql.py:418} INFO - Running statement: 
    CREATE SCHEMA IF NOT EXISTS presentation;, parameters: None
[2025-03-16T20:25:00.493+0000] {taskinstance.py:1398} INFO - Marking task as SUCCESS. dag_id=passanger_traffic, task_id=creare1, execution_date=20250315T030000, start_date=20250316T202500, end_date=20250316T202500
[2025-03-16T20:25:00.527+0000] {local_task_job_runner.py:228} INFO - Task exited with return code 0
[2025-03-16T20:25:00.543+0000] {taskinstance.py:2776} INFO - 1 downstream tasks scheduled from follow-on schedule check
