[2025-03-16T20:12:33.005+0000] {taskinstance.py:1157} INFO - Dependencies all met for dep_context=non-requeueable deps ti=<TaskInstance: frequent_flyers.delete_data manual__2025-03-16T20:12:25.641934+00:00 [queued]>
[2025-03-16T20:12:33.011+0000] {taskinstance.py:1157} INFO - Dependencies all met for dep_context=requeueable deps ti=<TaskInstance: frequent_flyers.delete_data manual__2025-03-16T20:12:25.641934+00:00 [queued]>
[2025-03-16T20:12:33.011+0000] {taskinstance.py:1359} INFO - Starting attempt 1 of 2
[2025-03-16T20:12:33.018+0000] {taskinstance.py:1380} INFO - Executing <Task(PostgresOperator): delete_data> on 2025-03-16 20:12:25.641934+00:00
[2025-03-16T20:12:33.021+0000] {standard_task_runner.py:57} INFO - Started process 224 to run task
[2025-03-16T20:12:33.023+0000] {standard_task_runner.py:84} INFO - Running: ['***', 'tasks', 'run', 'frequent_flyers', 'delete_data', 'manual__2025-03-16T20:12:25.641934+00:00', '--job-id', '14', '--raw', '--subdir', 'DAGS_FOLDER/frequent_flyers.py', '--cfg-path', '/tmp/tmpvv_sbtkr']
[2025-03-16T20:12:33.025+0000] {standard_task_runner.py:85} INFO - Job 14: Subtask delete_data
[2025-03-16T20:12:33.035+0000] {logging_mixin.py:151} WARNING - /home/***/.local/lib/python3.8/site-packages/***/settings.py:195 DeprecationWarning: The sql_alchemy_conn option in [core] has been moved to the sql_alchemy_conn option in [database] - the old setting has been used, but please update your config.
[2025-03-16T20:12:33.060+0000] {task_command.py:415} INFO - Running <TaskInstance: frequent_flyers.delete_data manual__2025-03-16T20:12:25.641934+00:00 [running]> on host b70acf7f0e92
[2025-03-16T20:12:33.115+0000] {taskinstance.py:1660} INFO - Exporting env vars: AIRFLOW_CTX_DAG_OWNER='***' AIRFLOW_CTX_DAG_ID='frequent_flyers' AIRFLOW_CTX_TASK_ID='delete_data' AIRFLOW_CTX_EXECUTION_DATE='2025-03-16T20:12:25.641934+00:00' AIRFLOW_CTX_TRY_NUMBER='1' AIRFLOW_CTX_DAG_RUN_ID='manual__2025-03-16T20:12:25.641934+00:00'
[2025-03-16T20:12:33.115+0000] {sql.py:274} INFO - Executing: 
DELETE FROM presentation.frequent_flyers
WHERE created_at < NOW() - INTERVAL '1 day';
[2025-03-16T20:12:33.122+0000] {base.py:73} INFO - Using connection ID '***_dwh' for task execution.
[2025-03-16T20:12:33.128+0000] {base.py:73} INFO - Using connection ID '***_dwh' for task execution.
[2025-03-16T20:12:33.133+0000] {sql.py:418} INFO - Running statement: 
DELETE FROM presentation.frequent_flyers
WHERE created_at < NOW() - INTERVAL '1 day';, parameters: None
[2025-03-16T20:12:33.134+0000] {sql.py:427} INFO - Rows affected: 0
[2025-03-16T20:12:33.141+0000] {taskinstance.py:1398} INFO - Marking task as SUCCESS. dag_id=frequent_flyers, task_id=delete_data, execution_date=20250316T201225, start_date=20250316T201233, end_date=20250316T201233
[2025-03-16T20:12:33.164+0000] {local_task_job_runner.py:228} INFO - Task exited with return code 0
[2025-03-16T20:12:33.181+0000] {taskinstance.py:2776} INFO - 1 downstream tasks scheduled from follow-on schedule check
