[2025-03-24T22:05:38.608+0000] {processor.py:157} INFO - Started process (PID=170) to work on /opt/airflow/dags/passenger_traffic_dag.py
[2025-03-24T22:05:38.614+0000] {processor.py:829} INFO - Processing file /opt/airflow/dags/passenger_traffic_dag.py for tasks to queue
[2025-03-24T22:05:38.618+0000] {logging_mixin.py:151} INFO - [2025-03-24T22:05:38.617+0000] {dagbag.py:539} INFO - Filling up the DagBag from /opt/airflow/dags/passenger_traffic_dag.py
[2025-03-24T22:05:38.900+0000] {processor.py:839} INFO - DAG(s) dict_keys(['passanger_traffic']) retrieved from /opt/airflow/dags/passenger_traffic_dag.py
[2025-03-24T22:05:39.993+0000] {logging_mixin.py:151} INFO - [2025-03-24T22:05:39.992+0000] {manager.py:499} INFO - Created Permission View: %s
[2025-03-24T22:05:40.024+0000] {logging_mixin.py:151} INFO - [2025-03-24T22:05:40.024+0000] {manager.py:499} INFO - Created Permission View: %s
[2025-03-24T22:05:40.045+0000] {logging_mixin.py:151} INFO - [2025-03-24T22:05:40.045+0000] {manager.py:499} INFO - Created Permission View: %s
[2025-03-24T22:05:40.046+0000] {logging_mixin.py:151} INFO - [2025-03-24T22:05:40.046+0000] {security.py:708} INFO - Not syncing DAG-level permissions for DAG 'DAG:passanger_traffic' as access control is unset.
[2025-03-24T22:05:40.048+0000] {logging_mixin.py:151} INFO - [2025-03-24T22:05:40.048+0000] {dag.py:2915} INFO - Sync 1 DAGs
[2025-03-24T22:05:40.112+0000] {logging_mixin.py:151} INFO - [2025-03-24T22:05:40.112+0000] {dag.py:2937} INFO - Creating ORM DAG for passanger_traffic
[2025-03-24T22:05:40.598+0000] {logging_mixin.py:151} INFO - [2025-03-24T22:05:40.598+0000] {dag.py:3696} INFO - Setting next_dagrun for passanger_traffic to 2025-03-23T03:00:00+00:00, run_after=2025-03-24T03:00:00+00:00
[2025-03-24T22:05:40.658+0000] {processor.py:179} INFO - Processing /opt/airflow/dags/passenger_traffic_dag.py took 2.064 seconds
[2025-03-24T22:06:12.007+0000] {processor.py:157} INFO - Started process (PID=180) to work on /opt/airflow/dags/passenger_traffic_dag.py
[2025-03-24T22:06:12.011+0000] {processor.py:829} INFO - Processing file /opt/airflow/dags/passenger_traffic_dag.py for tasks to queue
[2025-03-24T22:06:12.015+0000] {logging_mixin.py:151} INFO - [2025-03-24T22:06:12.013+0000] {dagbag.py:539} INFO - Filling up the DagBag from /opt/airflow/dags/passenger_traffic_dag.py
[2025-03-24T22:06:12.109+0000] {processor.py:839} INFO - DAG(s) dict_keys(['passanger_traffic']) retrieved from /opt/airflow/dags/passenger_traffic_dag.py
[2025-03-24T22:06:12.315+0000] {logging_mixin.py:151} INFO - [2025-03-24T22:06:12.314+0000] {dag.py:2915} INFO - Sync 1 DAGs
[2025-03-24T22:06:12.522+0000] {logging_mixin.py:151} INFO - [2025-03-24T22:06:12.522+0000] {dag.py:3696} INFO - Setting next_dagrun for passanger_traffic to 2025-03-23T03:00:00+00:00, run_after=2025-03-24T03:00:00+00:00
[2025-03-24T22:06:12.585+0000] {processor.py:179} INFO - Processing /opt/airflow/dags/passenger_traffic_dag.py took 0.591 seconds
[2025-03-24T22:06:43.684+0000] {processor.py:157} INFO - Started process (PID=189) to work on /opt/airflow/dags/passenger_traffic_dag.py
[2025-03-24T22:06:43.696+0000] {processor.py:829} INFO - Processing file /opt/airflow/dags/passenger_traffic_dag.py for tasks to queue
[2025-03-24T22:06:43.701+0000] {logging_mixin.py:151} INFO - [2025-03-24T22:06:43.699+0000] {dagbag.py:539} INFO - Filling up the DagBag from /opt/airflow/dags/passenger_traffic_dag.py
[2025-03-24T22:06:43.816+0000] {processor.py:839} INFO - DAG(s) dict_keys(['passanger_traffic']) retrieved from /opt/airflow/dags/passenger_traffic_dag.py
[2025-03-24T22:06:44.099+0000] {logging_mixin.py:151} INFO - [2025-03-24T22:06:44.099+0000] {dag.py:2915} INFO - Sync 1 DAGs
[2025-03-24T22:06:44.248+0000] {logging_mixin.py:151} INFO - [2025-03-24T22:06:44.247+0000] {dag.py:3696} INFO - Setting next_dagrun for passanger_traffic to 2025-03-23T03:00:00+00:00, run_after=2025-03-24T03:00:00+00:00
[2025-03-24T22:06:44.322+0000] {processor.py:179} INFO - Processing /opt/airflow/dags/passenger_traffic_dag.py took 0.666 seconds
[2025-03-24T22:07:14.484+0000] {processor.py:157} INFO - Started process (PID=200) to work on /opt/airflow/dags/passenger_traffic_dag.py
[2025-03-24T22:07:14.497+0000] {processor.py:829} INFO - Processing file /opt/airflow/dags/passenger_traffic_dag.py for tasks to queue
[2025-03-24T22:07:14.508+0000] {logging_mixin.py:151} INFO - [2025-03-24T22:07:14.508+0000] {dagbag.py:539} INFO - Filling up the DagBag from /opt/airflow/dags/passenger_traffic_dag.py
[2025-03-24T22:07:14.616+0000] {processor.py:839} INFO - DAG(s) dict_keys(['passanger_traffic']) retrieved from /opt/airflow/dags/passenger_traffic_dag.py
[2025-03-24T22:07:14.787+0000] {logging_mixin.py:151} INFO - [2025-03-24T22:07:14.786+0000] {dag.py:2915} INFO - Sync 1 DAGs
[2025-03-24T22:07:14.874+0000] {logging_mixin.py:151} INFO - [2025-03-24T22:07:14.873+0000] {dag.py:3696} INFO - Setting next_dagrun for passanger_traffic to 2025-03-23T03:00:00+00:00, run_after=2025-03-24T03:00:00+00:00
[2025-03-24T22:07:14.959+0000] {processor.py:179} INFO - Processing /opt/airflow/dags/passenger_traffic_dag.py took 0.511 seconds
[2025-03-24T22:07:45.863+0000] {processor.py:157} INFO - Started process (PID=212) to work on /opt/airflow/dags/passenger_traffic_dag.py
[2025-03-24T22:07:45.866+0000] {processor.py:829} INFO - Processing file /opt/airflow/dags/passenger_traffic_dag.py for tasks to queue
[2025-03-24T22:07:45.868+0000] {logging_mixin.py:151} INFO - [2025-03-24T22:07:45.867+0000] {dagbag.py:539} INFO - Filling up the DagBag from /opt/airflow/dags/passenger_traffic_dag.py
[2025-03-24T22:07:45.909+0000] {processor.py:839} INFO - DAG(s) dict_keys(['passanger_traffic']) retrieved from /opt/airflow/dags/passenger_traffic_dag.py
[2025-03-24T22:07:46.096+0000] {logging_mixin.py:151} INFO - [2025-03-24T22:07:46.096+0000] {dag.py:2915} INFO - Sync 1 DAGs
[2025-03-24T22:07:46.201+0000] {logging_mixin.py:151} INFO - [2025-03-24T22:07:46.201+0000] {dag.py:3696} INFO - Setting next_dagrun for passanger_traffic to 2025-03-23T03:00:00+00:00, run_after=2025-03-24T03:00:00+00:00
[2025-03-24T22:07:46.273+0000] {processor.py:179} INFO - Processing /opt/airflow/dags/passenger_traffic_dag.py took 0.417 seconds
[2025-03-24T22:08:16.561+0000] {processor.py:157} INFO - Started process (PID=220) to work on /opt/airflow/dags/passenger_traffic_dag.py
[2025-03-24T22:08:16.595+0000] {processor.py:829} INFO - Processing file /opt/airflow/dags/passenger_traffic_dag.py for tasks to queue
[2025-03-24T22:08:16.608+0000] {logging_mixin.py:151} INFO - [2025-03-24T22:08:16.599+0000] {dagbag.py:539} INFO - Filling up the DagBag from /opt/airflow/dags/passenger_traffic_dag.py
[2025-03-24T22:08:17.088+0000] {processor.py:839} INFO - DAG(s) dict_keys(['passanger_traffic']) retrieved from /opt/airflow/dags/passenger_traffic_dag.py
[2025-03-24T22:08:17.296+0000] {logging_mixin.py:151} INFO - [2025-03-24T22:08:17.293+0000] {dag.py:2915} INFO - Sync 1 DAGs
[2025-03-24T22:08:17.431+0000] {logging_mixin.py:151} INFO - [2025-03-24T22:08:17.431+0000] {dag.py:3696} INFO - Setting next_dagrun for passanger_traffic to 2025-03-23T03:00:00+00:00, run_after=2025-03-24T03:00:00+00:00
[2025-03-24T22:08:21.908+0000] {processor.py:179} INFO - Processing /opt/airflow/dags/passenger_traffic_dag.py took 5.367 seconds
[2025-03-24T22:08:52.595+0000] {processor.py:157} INFO - Started process (PID=230) to work on /opt/airflow/dags/passenger_traffic_dag.py
[2025-03-24T22:08:52.606+0000] {processor.py:829} INFO - Processing file /opt/airflow/dags/passenger_traffic_dag.py for tasks to queue
[2025-03-24T22:08:52.616+0000] {logging_mixin.py:151} INFO - [2025-03-24T22:08:52.614+0000] {dagbag.py:539} INFO - Filling up the DagBag from /opt/airflow/dags/passenger_traffic_dag.py
[2025-03-24T22:08:52.730+0000] {processor.py:839} INFO - DAG(s) dict_keys(['passanger_traffic']) retrieved from /opt/airflow/dags/passenger_traffic_dag.py
[2025-03-24T22:08:52.899+0000] {logging_mixin.py:151} INFO - [2025-03-24T22:08:52.898+0000] {dag.py:2915} INFO - Sync 1 DAGs
[2025-03-24T22:08:53.324+0000] {logging_mixin.py:151} INFO - [2025-03-24T22:08:53.324+0000] {dag.py:3696} INFO - Setting next_dagrun for passanger_traffic to 2025-03-23T03:00:00+00:00, run_after=2025-03-24T03:00:00+00:00
[2025-03-24T22:08:53.378+0000] {processor.py:179} INFO - Processing /opt/airflow/dags/passenger_traffic_dag.py took 0.802 seconds
[2025-03-24T22:09:23.735+0000] {processor.py:157} INFO - Started process (PID=240) to work on /opt/airflow/dags/passenger_traffic_dag.py
[2025-03-24T22:09:23.738+0000] {processor.py:829} INFO - Processing file /opt/airflow/dags/passenger_traffic_dag.py for tasks to queue
[2025-03-24T22:09:23.740+0000] {logging_mixin.py:151} INFO - [2025-03-24T22:09:23.739+0000] {dagbag.py:539} INFO - Filling up the DagBag from /opt/airflow/dags/passenger_traffic_dag.py
[2025-03-24T22:09:23.773+0000] {processor.py:839} INFO - DAG(s) dict_keys(['passanger_traffic']) retrieved from /opt/airflow/dags/passenger_traffic_dag.py
[2025-03-24T22:09:24.108+0000] {logging_mixin.py:151} INFO - [2025-03-24T22:09:24.108+0000] {dag.py:2915} INFO - Sync 1 DAGs
[2025-03-24T22:09:24.162+0000] {logging_mixin.py:151} INFO - [2025-03-24T22:09:24.162+0000] {dag.py:3696} INFO - Setting next_dagrun for passanger_traffic to 2025-03-23T03:00:00+00:00, run_after=2025-03-24T03:00:00+00:00
[2025-03-24T22:09:24.190+0000] {processor.py:179} INFO - Processing /opt/airflow/dags/passenger_traffic_dag.py took 0.466 seconds
[2025-03-24T22:09:54.593+0000] {processor.py:157} INFO - Started process (PID=250) to work on /opt/airflow/dags/passenger_traffic_dag.py
[2025-03-24T22:09:54.596+0000] {processor.py:829} INFO - Processing file /opt/airflow/dags/passenger_traffic_dag.py for tasks to queue
[2025-03-24T22:09:54.598+0000] {logging_mixin.py:151} INFO - [2025-03-24T22:09:54.597+0000] {dagbag.py:539} INFO - Filling up the DagBag from /opt/airflow/dags/passenger_traffic_dag.py
[2025-03-24T22:09:54.635+0000] {processor.py:839} INFO - DAG(s) dict_keys(['passanger_traffic']) retrieved from /opt/airflow/dags/passenger_traffic_dag.py
[2025-03-24T22:09:55.033+0000] {logging_mixin.py:151} INFO - [2025-03-24T22:09:55.033+0000] {dag.py:2915} INFO - Sync 1 DAGs
[2025-03-24T22:09:55.079+0000] {logging_mixin.py:151} INFO - [2025-03-24T22:09:55.078+0000] {dag.py:3696} INFO - Setting next_dagrun for passanger_traffic to 2025-03-23T03:00:00+00:00, run_after=2025-03-24T03:00:00+00:00
[2025-03-24T22:09:55.115+0000] {processor.py:179} INFO - Processing /opt/airflow/dags/passenger_traffic_dag.py took 0.528 seconds
[2025-03-24T22:10:25.582+0000] {processor.py:157} INFO - Started process (PID=260) to work on /opt/airflow/dags/passenger_traffic_dag.py
[2025-03-24T22:10:25.596+0000] {processor.py:829} INFO - Processing file /opt/airflow/dags/passenger_traffic_dag.py for tasks to queue
[2025-03-24T22:10:25.606+0000] {logging_mixin.py:151} INFO - [2025-03-24T22:10:25.606+0000] {dagbag.py:539} INFO - Filling up the DagBag from /opt/airflow/dags/passenger_traffic_dag.py
[2025-03-24T22:10:25.684+0000] {processor.py:839} INFO - DAG(s) dict_keys(['passanger_traffic']) retrieved from /opt/airflow/dags/passenger_traffic_dag.py
[2025-03-24T22:10:25.836+0000] {logging_mixin.py:151} INFO - [2025-03-24T22:10:25.835+0000] {dag.py:2915} INFO - Sync 1 DAGs
[2025-03-24T22:10:25.953+0000] {logging_mixin.py:151} INFO - [2025-03-24T22:10:25.953+0000] {dag.py:3696} INFO - Setting next_dagrun for passanger_traffic to 2025-03-23T03:00:00+00:00, run_after=2025-03-24T03:00:00+00:00
[2025-03-24T22:10:26.035+0000] {processor.py:179} INFO - Processing /opt/airflow/dags/passenger_traffic_dag.py took 0.470 seconds
[2025-03-24T22:10:56.847+0000] {processor.py:157} INFO - Started process (PID=270) to work on /opt/airflow/dags/passenger_traffic_dag.py
[2025-03-24T22:10:56.854+0000] {processor.py:829} INFO - Processing file /opt/airflow/dags/passenger_traffic_dag.py for tasks to queue
[2025-03-24T22:10:56.862+0000] {logging_mixin.py:151} INFO - [2025-03-24T22:10:56.859+0000] {dagbag.py:539} INFO - Filling up the DagBag from /opt/airflow/dags/passenger_traffic_dag.py
[2025-03-24T22:10:56.977+0000] {processor.py:839} INFO - DAG(s) dict_keys(['passanger_traffic']) retrieved from /opt/airflow/dags/passenger_traffic_dag.py
[2025-03-24T22:10:57.163+0000] {logging_mixin.py:151} INFO - [2025-03-24T22:10:57.162+0000] {dag.py:2915} INFO - Sync 1 DAGs
[2025-03-24T22:10:57.305+0000] {logging_mixin.py:151} INFO - [2025-03-24T22:10:57.304+0000] {dag.py:3696} INFO - Setting next_dagrun for passanger_traffic to 2025-03-23T03:00:00+00:00, run_after=2025-03-24T03:00:00+00:00
[2025-03-24T22:10:57.369+0000] {processor.py:179} INFO - Processing /opt/airflow/dags/passenger_traffic_dag.py took 0.548 seconds
[2025-03-24T22:11:27.727+0000] {processor.py:157} INFO - Started process (PID=280) to work on /opt/airflow/dags/passenger_traffic_dag.py
[2025-03-24T22:11:27.730+0000] {processor.py:829} INFO - Processing file /opt/airflow/dags/passenger_traffic_dag.py for tasks to queue
[2025-03-24T22:11:27.732+0000] {logging_mixin.py:151} INFO - [2025-03-24T22:11:27.732+0000] {dagbag.py:539} INFO - Filling up the DagBag from /opt/airflow/dags/passenger_traffic_dag.py
[2025-03-24T22:11:27.768+0000] {processor.py:839} INFO - DAG(s) dict_keys(['passanger_traffic']) retrieved from /opt/airflow/dags/passenger_traffic_dag.py
[2025-03-24T22:11:27.862+0000] {logging_mixin.py:151} INFO - [2025-03-24T22:11:27.862+0000] {dag.py:2915} INFO - Sync 1 DAGs
[2025-03-24T22:11:27.936+0000] {logging_mixin.py:151} INFO - [2025-03-24T22:11:27.936+0000] {dag.py:3696} INFO - Setting next_dagrun for passanger_traffic to 2025-03-23T03:00:00+00:00, run_after=2025-03-24T03:00:00+00:00
[2025-03-24T22:11:27.985+0000] {processor.py:179} INFO - Processing /opt/airflow/dags/passenger_traffic_dag.py took 0.267 seconds
[2025-03-24T22:11:58.309+0000] {processor.py:157} INFO - Started process (PID=290) to work on /opt/airflow/dags/passenger_traffic_dag.py
[2025-03-24T22:11:58.311+0000] {processor.py:829} INFO - Processing file /opt/airflow/dags/passenger_traffic_dag.py for tasks to queue
[2025-03-24T22:11:58.313+0000] {logging_mixin.py:151} INFO - [2025-03-24T22:11:58.312+0000] {dagbag.py:539} INFO - Filling up the DagBag from /opt/airflow/dags/passenger_traffic_dag.py
[2025-03-24T22:11:58.367+0000] {processor.py:839} INFO - DAG(s) dict_keys(['passanger_traffic']) retrieved from /opt/airflow/dags/passenger_traffic_dag.py
[2025-03-24T22:11:58.443+0000] {logging_mixin.py:151} INFO - [2025-03-24T22:11:58.442+0000] {dag.py:2915} INFO - Sync 1 DAGs
[2025-03-24T22:11:58.503+0000] {logging_mixin.py:151} INFO - [2025-03-24T22:11:58.503+0000] {dag.py:3696} INFO - Setting next_dagrun for passanger_traffic to 2025-03-23T03:00:00+00:00, run_after=2025-03-24T03:00:00+00:00
[2025-03-24T22:11:58.537+0000] {processor.py:179} INFO - Processing /opt/airflow/dags/passenger_traffic_dag.py took 0.235 seconds
[2025-03-24T22:12:28.960+0000] {processor.py:157} INFO - Started process (PID=300) to work on /opt/airflow/dags/passenger_traffic_dag.py
[2025-03-24T22:12:28.962+0000] {processor.py:829} INFO - Processing file /opt/airflow/dags/passenger_traffic_dag.py for tasks to queue
[2025-03-24T22:12:28.964+0000] {logging_mixin.py:151} INFO - [2025-03-24T22:12:28.963+0000] {dagbag.py:539} INFO - Filling up the DagBag from /opt/airflow/dags/passenger_traffic_dag.py
[2025-03-24T22:12:28.995+0000] {processor.py:839} INFO - DAG(s) dict_keys(['passanger_traffic']) retrieved from /opt/airflow/dags/passenger_traffic_dag.py
[2025-03-24T22:12:29.070+0000] {logging_mixin.py:151} INFO - [2025-03-24T22:12:29.069+0000] {dag.py:2915} INFO - Sync 1 DAGs
[2025-03-24T22:12:29.121+0000] {logging_mixin.py:151} INFO - [2025-03-24T22:12:29.121+0000] {dag.py:3696} INFO - Setting next_dagrun for passanger_traffic to 2025-03-23T03:00:00+00:00, run_after=2025-03-24T03:00:00+00:00
[2025-03-24T22:12:29.162+0000] {processor.py:179} INFO - Processing /opt/airflow/dags/passenger_traffic_dag.py took 0.213 seconds
[2025-03-24T22:12:59.411+0000] {processor.py:157} INFO - Started process (PID=310) to work on /opt/airflow/dags/passenger_traffic_dag.py
[2025-03-24T22:12:59.414+0000] {processor.py:829} INFO - Processing file /opt/airflow/dags/passenger_traffic_dag.py for tasks to queue
[2025-03-24T22:12:59.416+0000] {logging_mixin.py:151} INFO - [2025-03-24T22:12:59.415+0000] {dagbag.py:539} INFO - Filling up the DagBag from /opt/airflow/dags/passenger_traffic_dag.py
[2025-03-24T22:12:59.469+0000] {processor.py:839} INFO - DAG(s) dict_keys(['passanger_traffic']) retrieved from /opt/airflow/dags/passenger_traffic_dag.py
[2025-03-24T22:12:59.535+0000] {logging_mixin.py:151} INFO - [2025-03-24T22:12:59.535+0000] {dag.py:2915} INFO - Sync 1 DAGs
[2025-03-24T22:12:59.576+0000] {logging_mixin.py:151} INFO - [2025-03-24T22:12:59.576+0000] {dag.py:3696} INFO - Setting next_dagrun for passanger_traffic to 2025-03-23T03:00:00+00:00, run_after=2025-03-24T03:00:00+00:00
[2025-03-24T22:12:59.605+0000] {processor.py:179} INFO - Processing /opt/airflow/dags/passenger_traffic_dag.py took 0.200 seconds
