[2025-03-25T14:33:16.119+0000] {taskinstance.py:1157} INFO - Dependencies all met for dep_context=non-requeueable deps ti=<TaskInstance: passanger_traffic.do_work manual__2025-03-25T14:28:00.556927+00:00 [queued]>
[2025-03-25T14:33:16.137+0000] {taskinstance.py:1157} INFO - Dependencies all met for dep_context=requeueable deps ti=<TaskInstance: passanger_traffic.do_work manual__2025-03-25T14:28:00.556927+00:00 [queued]>
[2025-03-25T14:33:16.138+0000] {taskinstance.py:1359} INFO - Starting attempt 1 of 2
[2025-03-25T14:33:16.188+0000] {taskinstance.py:1380} INFO - Executing <Task(PostgresOperator): do_work> on 2025-03-25 14:28:00.556927+00:00
[2025-03-25T14:33:16.215+0000] {standard_task_runner.py:57} INFO - Started process 454 to run task
[2025-03-25T14:33:16.246+0000] {standard_task_runner.py:84} INFO - Running: ['***', 'tasks', 'run', 'passanger_traffic', 'do_work', 'manual__2025-03-25T14:28:00.556927+00:00', '--job-id', '15', '--raw', '--subdir', 'DAGS_FOLDER/passenger_traffic_dag.py', '--cfg-path', '/tmp/tmppzcyaws_']
[2025-03-25T14:33:16.254+0000] {standard_task_runner.py:85} INFO - Job 15: Subtask do_work
[2025-03-25T14:33:16.288+0000] {logging_mixin.py:151} WARNING - /home/***/.local/lib/python3.8/site-packages/***/settings.py:195 DeprecationWarning: The sql_alchemy_conn option in [core] has been moved to the sql_alchemy_conn option in [database] - the old setting has been used, but please update your config.
[2025-03-25T14:33:16.399+0000] {task_command.py:415} INFO - Running <TaskInstance: passanger_traffic.do_work manual__2025-03-25T14:28:00.556927+00:00 [running]> on host 55005b7b65eb
[2025-03-25T14:33:16.646+0000] {taskinstance.py:1660} INFO - Exporting env vars: AIRFLOW_CTX_DAG_OWNER='***' AIRFLOW_CTX_DAG_ID='passanger_traffic' AIRFLOW_CTX_TASK_ID='do_work' AIRFLOW_CTX_EXECUTION_DATE='2025-03-25T14:28:00.556927+00:00' AIRFLOW_CTX_TRY_NUMBER='1' AIRFLOW_CTX_DAG_RUN_ID='manual__2025-03-25T14:28:00.556927+00:00'
[2025-03-25T14:33:16.648+0000] {sql.py:274} INFO - Executing: 
        WITH arrivals AS (
          SELECT
            date(actual_arrival) AS flight_date,
            arrival_airport AS airport_code,
            departure_airport AS linked_airport_code,
            count(*) AS flights_in,
            count(ltf.hub_ticket_id) AS passengers_in
          FROM dwh_detailed.sat_flights f
          LEFT JOIN dwh_detailed.link_ticket_flights ltf
            ON f.hub_flight_id = ltf.hub_flight_id
          WHERE actual_arrival IS NOT NULL
            AND date(actual_arrival) = DATE '2025-03-24'
          GROUP BY date(actual_arrival), arrival_airport, departure_airport
        ),
        departures AS (
          SELECT
            date(actual_departure) AS flight_date,
            departure_airport AS airport_code,
            arrival_airport AS linked_airport_code,
            count(*) AS flights_out,
            count(ltf.hub_ticket_id) AS passengers_out
          FROM dwh_detailed.sat_flights f
          LEFT JOIN dwh_detailed.link_ticket_flights ltf
            ON f.hub_flight_id = ltf.hub_flight_id
          WHERE actual_departure IS NOT NULL
            AND date(actual_departure) = DATE '2025-03-24'
          GROUP BY date(actual_departure), departure_airport, arrival_airport
        )
        INSERT INTO presentation.passenger_traffic
        SELECT
          now() AS created_at,
          COALESCE(a.flight_date, d.flight_date) AS flight_date,
          COALESCE(a.airport_code, d.airport_code) AS airport_code,
          COALESCE(a.linked_airport_code, d.linked_airport_code) AS linked_airport_code,
          COALESCE(a.flights_in, 0) AS flights_in,
          COALESCE(d.flights_out, 0) AS flights_out,
          COALESCE(a.passengers_in, 0) AS passengers_in,
          COALESCE(d.passengers_out, 0) AS passengers_out
        FROM arrivals a
        FULL OUTER JOIN departures d
          ON a.flight_date = d.flight_date
          AND a.airport_code = d.airport_code
          AND a.linked_airport_code = d.linked_airport_code;
        
[2025-03-25T14:33:16.677+0000] {base.py:73} INFO - Using connection ID '***_dwh' for task execution.
[2025-03-25T14:33:16.714+0000] {base.py:73} INFO - Using connection ID '***_dwh' for task execution.
[2025-03-25T14:33:16.748+0000] {sql.py:418} INFO - Running statement: 
        WITH arrivals AS (
          SELECT
            date(actual_arrival) AS flight_date,
            arrival_airport AS airport_code,
            departure_airport AS linked_airport_code,
            count(*) AS flights_in,
            count(ltf.hub_ticket_id) AS passengers_in
          FROM dwh_detailed.sat_flights f
          LEFT JOIN dwh_detailed.link_ticket_flights ltf
            ON f.hub_flight_id = ltf.hub_flight_id
          WHERE actual_arrival IS NOT NULL
            AND date(actual_arrival) = DATE '2025-03-24'
          GROUP BY date(actual_arrival), arrival_airport, departure_airport
        ),
        departures AS (
          SELECT
            date(actual_departure) AS flight_date,
            departure_airport AS airport_code,
            arrival_airport AS linked_airport_code,
            count(*) AS flights_out,
            count(ltf.hub_ticket_id) AS passengers_out
          FROM dwh_detailed.sat_flights f
          LEFT JOIN dwh_detailed.link_ticket_flights ltf
            ON f.hub_flight_id = ltf.hub_flight_id
          WHERE actual_departure IS NOT NULL
            AND date(actual_departure) = DATE '2025-03-24'
          GROUP BY date(actual_departure), departure_airport, arrival_airport
        )
        INSERT INTO presentation.passenger_traffic
        SELECT
          now() AS created_at,
          COALESCE(a.flight_date, d.flight_date) AS flight_date,
          COALESCE(a.airport_code, d.airport_code) AS airport_code,
          COALESCE(a.linked_airport_code, d.linked_airport_code) AS linked_airport_code,
          COALESCE(a.flights_in, 0) AS flights_in,
          COALESCE(d.flights_out, 0) AS flights_out,
          COALESCE(a.passengers_in, 0) AS passengers_in,
          COALESCE(d.passengers_out, 0) AS passengers_out
        FROM arrivals a
        FULL OUTER JOIN departures d
          ON a.flight_date = d.flight_date
          AND a.airport_code = d.airport_code
          AND a.linked_airport_code = d.linked_airport_code;
        , parameters: None
[2025-03-25T14:33:16.776+0000] {sql.py:427} INFO - Rows affected: 0
[2025-03-25T14:33:16.816+0000] {taskinstance.py:1398} INFO - Marking task as SUCCESS. dag_id=passanger_traffic, task_id=do_work, execution_date=20250325T142800, start_date=20250325T143316, end_date=20250325T143316
[2025-03-25T14:33:16.899+0000] {local_task_job_runner.py:228} INFO - Task exited with return code 0
[2025-03-25T14:33:16.961+0000] {taskinstance.py:2776} INFO - 0 downstream tasks scheduled from follow-on schedule check
