[2025-03-16T16:46:11.176+0000] {taskinstance.py:1157} INFO - Dependencies all met for dep_context=non-requeueable deps ti=<TaskInstance: passanger_traffic.creare2 scheduled__2025-03-15T03:00:00+00:00 [queued]>
[2025-03-16T16:46:11.181+0000] {taskinstance.py:1157} INFO - Dependencies all met for dep_context=requeueable deps ti=<TaskInstance: passanger_traffic.creare2 scheduled__2025-03-15T03:00:00+00:00 [queued]>
[2025-03-16T16:46:11.181+0000] {taskinstance.py:1359} INFO - Starting attempt 1 of 2
[2025-03-16T16:46:11.187+0000] {taskinstance.py:1380} INFO - Executing <Task(PostgresOperator): creare2> on 2025-03-15 03:00:00+00:00
[2025-03-16T16:46:11.189+0000] {standard_task_runner.py:57} INFO - Started process 252 to run task
[2025-03-16T16:46:11.191+0000] {standard_task_runner.py:84} INFO - Running: ['***', 'tasks', 'run', 'passanger_traffic', 'creare2', 'scheduled__2025-03-15T03:00:00+00:00', '--job-id', '3', '--raw', '--subdir', 'DAGS_FOLDER/passenger_traffic_dag.py', '--cfg-path', '/tmp/tmptb4c89s9']
[2025-03-16T16:46:11.192+0000] {standard_task_runner.py:85} INFO - Job 3: Subtask creare2
[2025-03-16T16:46:11.200+0000] {logging_mixin.py:151} WARNING - /home/***/.local/lib/python3.8/site-packages/***/settings.py:195 DeprecationWarning: The sql_alchemy_conn option in [core] has been moved to the sql_alchemy_conn option in [database] - the old setting has been used, but please update your config.
[2025-03-16T16:46:11.224+0000] {task_command.py:415} INFO - Running <TaskInstance: passanger_traffic.creare2 scheduled__2025-03-15T03:00:00+00:00 [running]> on host 4d90099fcfcb
[2025-03-16T16:46:11.272+0000] {taskinstance.py:1660} INFO - Exporting env vars: AIRFLOW_CTX_DAG_OWNER='***' AIRFLOW_CTX_DAG_ID='passanger_traffic' AIRFLOW_CTX_TASK_ID='creare2' AIRFLOW_CTX_EXECUTION_DATE='2025-03-15T03:00:00+00:00' AIRFLOW_CTX_TRY_NUMBER='1' AIRFLOW_CTX_DAG_RUN_ID='scheduled__2025-03-15T03:00:00+00:00'
[2025-03-16T16:46:11.273+0000] {sql.py:274} INFO - Executing: 
    DROP TABLE IF EXISTS presentation.passenger_traffic;


    CREATE TABLE IF NOT EXISTS presentation.passenger_traffic (
         created_at timestamp,
         flight_date date,
         airport_code char(3),
         linked_airport_code char(3),
         flights_in integer,
         flights_out integer,
         passengers_in integer,
         passengers_out integer);
[2025-03-16T16:46:11.279+0000] {base.py:73} INFO - Using connection ID '***_dwh' for task execution.
[2025-03-16T16:46:11.285+0000] {base.py:73} INFO - Using connection ID '***_dwh' for task execution.
[2025-03-16T16:46:11.289+0000] {sql.py:418} INFO - Running statement: 
    DROP TABLE IF EXISTS presentation.passenger_traffic;


    CREATE TABLE IF NOT EXISTS presentation.passenger_traffic (
         created_at timestamp,
         flight_date date,
         airport_code char(3),
         linked_airport_code char(3),
         flights_in integer,
         flights_out integer,
         passengers_in integer,
         passengers_out integer);, parameters: None
[2025-03-16T16:46:11.305+0000] {taskinstance.py:1398} INFO - Marking task as SUCCESS. dag_id=passanger_traffic, task_id=creare2, execution_date=20250315T030000, start_date=20250316T164611, end_date=20250316T164611
[2025-03-16T16:46:11.333+0000] {local_task_job_runner.py:228} INFO - Task exited with return code 0
[2025-03-16T16:46:11.349+0000] {taskinstance.py:2776} INFO - 1 downstream tasks scheduled from follow-on schedule check
[2025-03-16T17:27:17.561+0000] {taskinstance.py:1157} INFO - Dependencies all met for dep_context=non-requeueable deps ti=<TaskInstance: passanger_traffic.creare2 scheduled__2025-03-15T03:00:00+00:00 [queued]>
[2025-03-16T17:27:17.567+0000] {taskinstance.py:1157} INFO - Dependencies all met for dep_context=requeueable deps ti=<TaskInstance: passanger_traffic.creare2 scheduled__2025-03-15T03:00:00+00:00 [queued]>
[2025-03-16T17:27:17.567+0000] {taskinstance.py:1359} INFO - Starting attempt 1 of 2
[2025-03-16T17:27:17.573+0000] {taskinstance.py:1380} INFO - Executing <Task(PostgresOperator): creare2> on 2025-03-15 03:00:00+00:00
[2025-03-16T17:27:17.575+0000] {standard_task_runner.py:57} INFO - Started process 262 to run task
[2025-03-16T17:27:17.578+0000] {standard_task_runner.py:84} INFO - Running: ['***', 'tasks', 'run', 'passanger_traffic', 'creare2', 'scheduled__2025-03-15T03:00:00+00:00', '--job-id', '3', '--raw', '--subdir', 'DAGS_FOLDER/passenger_traffic_dag.py', '--cfg-path', '/tmp/tmpucfg1djn']
[2025-03-16T17:27:17.582+0000] {standard_task_runner.py:85} INFO - Job 3: Subtask creare2
[2025-03-16T17:27:17.593+0000] {logging_mixin.py:151} WARNING - /home/***/.local/lib/python3.8/site-packages/***/settings.py:195 DeprecationWarning: The sql_alchemy_conn option in [core] has been moved to the sql_alchemy_conn option in [database] - the old setting has been used, but please update your config.
[2025-03-16T17:27:17.617+0000] {task_command.py:415} INFO - Running <TaskInstance: passanger_traffic.creare2 scheduled__2025-03-15T03:00:00+00:00 [running]> on host d1ac8e116626
[2025-03-16T17:27:17.664+0000] {taskinstance.py:1660} INFO - Exporting env vars: AIRFLOW_CTX_DAG_OWNER='***' AIRFLOW_CTX_DAG_ID='passanger_traffic' AIRFLOW_CTX_TASK_ID='creare2' AIRFLOW_CTX_EXECUTION_DATE='2025-03-15T03:00:00+00:00' AIRFLOW_CTX_TRY_NUMBER='1' AIRFLOW_CTX_DAG_RUN_ID='scheduled__2025-03-15T03:00:00+00:00'
[2025-03-16T17:27:17.664+0000] {sql.py:274} INFO - Executing: 
    DROP TABLE IF EXISTS presentation.passenger_traffic;


    CREATE TABLE IF NOT EXISTS presentation.passenger_traffic (
         created_at timestamp,
         flight_date date,
         airport_code char(3),
         linked_airport_code char(3),
         flights_in integer,
         flights_out integer,
         passengers_in integer,
         passengers_out integer);
[2025-03-16T17:27:17.670+0000] {base.py:73} INFO - Using connection ID '***_dwh' for task execution.
[2025-03-16T17:27:17.676+0000] {base.py:73} INFO - Using connection ID '***_dwh' for task execution.
[2025-03-16T17:27:17.681+0000] {sql.py:418} INFO - Running statement: 
    DROP TABLE IF EXISTS presentation.passenger_traffic;


    CREATE TABLE IF NOT EXISTS presentation.passenger_traffic (
         created_at timestamp,
         flight_date date,
         airport_code char(3),
         linked_airport_code char(3),
         flights_in integer,
         flights_out integer,
         passengers_in integer,
         passengers_out integer);, parameters: None
[2025-03-16T17:27:17.695+0000] {taskinstance.py:1398} INFO - Marking task as SUCCESS. dag_id=passanger_traffic, task_id=creare2, execution_date=20250315T030000, start_date=20250316T172717, end_date=20250316T172717
[2025-03-16T17:27:17.720+0000] {local_task_job_runner.py:228} INFO - Task exited with return code 0
[2025-03-16T17:27:17.736+0000] {taskinstance.py:2776} INFO - 1 downstream tasks scheduled from follow-on schedule check
[2025-03-16T18:05:45.560+0000] {taskinstance.py:1157} INFO - Dependencies all met for dep_context=non-requeueable deps ti=<TaskInstance: passanger_traffic.creare2 scheduled__2025-03-15T03:00:00+00:00 [queued]>
[2025-03-16T18:05:45.565+0000] {taskinstance.py:1157} INFO - Dependencies all met for dep_context=requeueable deps ti=<TaskInstance: passanger_traffic.creare2 scheduled__2025-03-15T03:00:00+00:00 [queued]>
[2025-03-16T18:05:45.566+0000] {taskinstance.py:1359} INFO - Starting attempt 1 of 2
[2025-03-16T18:05:45.571+0000] {taskinstance.py:1380} INFO - Executing <Task(PostgresOperator): creare2> on 2025-03-15 03:00:00+00:00
[2025-03-16T18:05:45.573+0000] {standard_task_runner.py:57} INFO - Started process 197 to run task
[2025-03-16T18:05:45.575+0000] {standard_task_runner.py:84} INFO - Running: ['***', 'tasks', 'run', 'passanger_traffic', 'creare2', 'scheduled__2025-03-15T03:00:00+00:00', '--job-id', '3', '--raw', '--subdir', 'DAGS_FOLDER/passenger_traffic_dag.py', '--cfg-path', '/tmp/tmp9zeavdkt']
[2025-03-16T18:05:45.577+0000] {standard_task_runner.py:85} INFO - Job 3: Subtask creare2
[2025-03-16T18:05:45.585+0000] {logging_mixin.py:151} WARNING - /home/***/.local/lib/python3.8/site-packages/***/settings.py:195 DeprecationWarning: The sql_alchemy_conn option in [core] has been moved to the sql_alchemy_conn option in [database] - the old setting has been used, but please update your config.
[2025-03-16T18:05:45.606+0000] {task_command.py:415} INFO - Running <TaskInstance: passanger_traffic.creare2 scheduled__2025-03-15T03:00:00+00:00 [running]> on host 80dc56725c49
[2025-03-16T18:05:45.650+0000] {taskinstance.py:1660} INFO - Exporting env vars: AIRFLOW_CTX_DAG_OWNER='***' AIRFLOW_CTX_DAG_ID='passanger_traffic' AIRFLOW_CTX_TASK_ID='creare2' AIRFLOW_CTX_EXECUTION_DATE='2025-03-15T03:00:00+00:00' AIRFLOW_CTX_TRY_NUMBER='1' AIRFLOW_CTX_DAG_RUN_ID='scheduled__2025-03-15T03:00:00+00:00'
[2025-03-16T18:05:45.651+0000] {sql.py:274} INFO - Executing: 
    DROP TABLE IF EXISTS presentation.passenger_traffic;


    CREATE TABLE IF NOT EXISTS presentation.passenger_traffic (
         created_at timestamp,
         flight_date date,
         airport_code char(3),
         linked_airport_code char(3),
         flights_in integer,
         flights_out integer,
         passengers_in integer,
         passengers_out integer);
[2025-03-16T18:05:45.656+0000] {base.py:73} INFO - Using connection ID '***_dwh' for task execution.
[2025-03-16T18:05:45.663+0000] {base.py:73} INFO - Using connection ID '***_dwh' for task execution.
[2025-03-16T18:05:45.667+0000] {sql.py:418} INFO - Running statement: 
    DROP TABLE IF EXISTS presentation.passenger_traffic;


    CREATE TABLE IF NOT EXISTS presentation.passenger_traffic (
         created_at timestamp,
         flight_date date,
         airport_code char(3),
         linked_airport_code char(3),
         flights_in integer,
         flights_out integer,
         passengers_in integer,
         passengers_out integer);, parameters: None
[2025-03-16T18:05:45.681+0000] {taskinstance.py:1398} INFO - Marking task as SUCCESS. dag_id=passanger_traffic, task_id=creare2, execution_date=20250315T030000, start_date=20250316T180545, end_date=20250316T180545
[2025-03-16T18:05:45.716+0000] {local_task_job_runner.py:228} INFO - Task exited with return code 0
[2025-03-16T18:05:45.731+0000] {taskinstance.py:2776} INFO - 1 downstream tasks scheduled from follow-on schedule check
[2025-03-16T18:18:07.048+0000] {taskinstance.py:1157} INFO - Dependencies all met for dep_context=non-requeueable deps ti=<TaskInstance: passanger_traffic.creare2 scheduled__2025-03-15T03:00:00+00:00 [queued]>
[2025-03-16T18:18:07.053+0000] {taskinstance.py:1157} INFO - Dependencies all met for dep_context=requeueable deps ti=<TaskInstance: passanger_traffic.creare2 scheduled__2025-03-15T03:00:00+00:00 [queued]>
[2025-03-16T18:18:07.053+0000] {taskinstance.py:1359} INFO - Starting attempt 1 of 2
[2025-03-16T18:18:07.060+0000] {taskinstance.py:1380} INFO - Executing <Task(PostgresOperator): creare2> on 2025-03-15 03:00:00+00:00
[2025-03-16T18:18:07.062+0000] {standard_task_runner.py:57} INFO - Started process 192 to run task
[2025-03-16T18:18:07.065+0000] {standard_task_runner.py:84} INFO - Running: ['***', 'tasks', 'run', 'passanger_traffic', 'creare2', 'scheduled__2025-03-15T03:00:00+00:00', '--job-id', '3', '--raw', '--subdir', 'DAGS_FOLDER/passenger_traffic_dag.py', '--cfg-path', '/tmp/tmpj0l7vwvs']
[2025-03-16T18:18:07.067+0000] {standard_task_runner.py:85} INFO - Job 3: Subtask creare2
[2025-03-16T18:18:07.078+0000] {logging_mixin.py:151} WARNING - /home/***/.local/lib/python3.8/site-packages/***/settings.py:195 DeprecationWarning: The sql_alchemy_conn option in [core] has been moved to the sql_alchemy_conn option in [database] - the old setting has been used, but please update your config.
[2025-03-16T18:18:07.103+0000] {task_command.py:415} INFO - Running <TaskInstance: passanger_traffic.creare2 scheduled__2025-03-15T03:00:00+00:00 [running]> on host 646f6f6fd47c
[2025-03-16T18:18:07.150+0000] {taskinstance.py:1660} INFO - Exporting env vars: AIRFLOW_CTX_DAG_OWNER='***' AIRFLOW_CTX_DAG_ID='passanger_traffic' AIRFLOW_CTX_TASK_ID='creare2' AIRFLOW_CTX_EXECUTION_DATE='2025-03-15T03:00:00+00:00' AIRFLOW_CTX_TRY_NUMBER='1' AIRFLOW_CTX_DAG_RUN_ID='scheduled__2025-03-15T03:00:00+00:00'
[2025-03-16T18:18:07.151+0000] {sql.py:274} INFO - Executing: 
    DROP TABLE IF EXISTS presentation.passenger_traffic;


    CREATE TABLE IF NOT EXISTS presentation.passenger_traffic (
         created_at timestamp,
         flight_date date,
         airport_code char(3),
         linked_airport_code char(3),
         flights_in integer,
         flights_out integer,
         passengers_in integer,
         passengers_out integer);
[2025-03-16T18:18:07.156+0000] {base.py:73} INFO - Using connection ID '***_dwh' for task execution.
[2025-03-16T18:18:07.163+0000] {base.py:73} INFO - Using connection ID '***_dwh' for task execution.
[2025-03-16T18:18:07.168+0000] {sql.py:418} INFO - Running statement: 
    DROP TABLE IF EXISTS presentation.passenger_traffic;


    CREATE TABLE IF NOT EXISTS presentation.passenger_traffic (
         created_at timestamp,
         flight_date date,
         airport_code char(3),
         linked_airport_code char(3),
         flights_in integer,
         flights_out integer,
         passengers_in integer,
         passengers_out integer);, parameters: None
[2025-03-16T18:18:07.182+0000] {taskinstance.py:1398} INFO - Marking task as SUCCESS. dag_id=passanger_traffic, task_id=creare2, execution_date=20250315T030000, start_date=20250316T181807, end_date=20250316T181807
[2025-03-16T18:18:07.205+0000] {local_task_job_runner.py:228} INFO - Task exited with return code 0
[2025-03-16T18:18:07.220+0000] {taskinstance.py:2776} INFO - 1 downstream tasks scheduled from follow-on schedule check
[2025-03-16T18:28:03.515+0000] {taskinstance.py:1157} INFO - Dependencies all met for dep_context=non-requeueable deps ti=<TaskInstance: passanger_traffic.creare2 scheduled__2025-03-15T03:00:00+00:00 [queued]>
[2025-03-16T18:28:03.520+0000] {taskinstance.py:1157} INFO - Dependencies all met for dep_context=requeueable deps ti=<TaskInstance: passanger_traffic.creare2 scheduled__2025-03-15T03:00:00+00:00 [queued]>
[2025-03-16T18:28:03.520+0000] {taskinstance.py:1359} INFO - Starting attempt 1 of 2
[2025-03-16T18:28:03.526+0000] {taskinstance.py:1380} INFO - Executing <Task(PostgresOperator): creare2> on 2025-03-15 03:00:00+00:00
[2025-03-16T18:28:03.528+0000] {standard_task_runner.py:57} INFO - Started process 192 to run task
[2025-03-16T18:28:03.530+0000] {standard_task_runner.py:84} INFO - Running: ['***', 'tasks', 'run', 'passanger_traffic', 'creare2', 'scheduled__2025-03-15T03:00:00+00:00', '--job-id', '3', '--raw', '--subdir', 'DAGS_FOLDER/passenger_traffic_dag.py', '--cfg-path', '/tmp/tmpqfukof7c']
[2025-03-16T18:28:03.531+0000] {standard_task_runner.py:85} INFO - Job 3: Subtask creare2
[2025-03-16T18:28:03.540+0000] {logging_mixin.py:151} WARNING - /home/***/.local/lib/python3.8/site-packages/***/settings.py:195 DeprecationWarning: The sql_alchemy_conn option in [core] has been moved to the sql_alchemy_conn option in [database] - the old setting has been used, but please update your config.
[2025-03-16T18:28:03.563+0000] {task_command.py:415} INFO - Running <TaskInstance: passanger_traffic.creare2 scheduled__2025-03-15T03:00:00+00:00 [running]> on host c29f0f3e1140
[2025-03-16T18:28:03.608+0000] {taskinstance.py:1660} INFO - Exporting env vars: AIRFLOW_CTX_DAG_OWNER='***' AIRFLOW_CTX_DAG_ID='passanger_traffic' AIRFLOW_CTX_TASK_ID='creare2' AIRFLOW_CTX_EXECUTION_DATE='2025-03-15T03:00:00+00:00' AIRFLOW_CTX_TRY_NUMBER='1' AIRFLOW_CTX_DAG_RUN_ID='scheduled__2025-03-15T03:00:00+00:00'
[2025-03-16T18:28:03.608+0000] {sql.py:274} INFO - Executing: 
    DROP TABLE IF EXISTS presentation.passenger_traffic;


    CREATE TABLE IF NOT EXISTS presentation.passenger_traffic (
         created_at timestamp,
         flight_date date,
         airport_code char(3),
         linked_airport_code char(3),
         flights_in integer,
         flights_out integer,
         passengers_in integer,
         passengers_out integer);
[2025-03-16T18:28:03.613+0000] {base.py:73} INFO - Using connection ID '***_dwh' for task execution.
[2025-03-16T18:28:03.620+0000] {base.py:73} INFO - Using connection ID '***_dwh' for task execution.
[2025-03-16T18:28:03.624+0000] {sql.py:418} INFO - Running statement: 
    DROP TABLE IF EXISTS presentation.passenger_traffic;


    CREATE TABLE IF NOT EXISTS presentation.passenger_traffic (
         created_at timestamp,
         flight_date date,
         airport_code char(3),
         linked_airport_code char(3),
         flights_in integer,
         flights_out integer,
         passengers_in integer,
         passengers_out integer);, parameters: None
[2025-03-16T18:28:03.638+0000] {taskinstance.py:1398} INFO - Marking task as SUCCESS. dag_id=passanger_traffic, task_id=creare2, execution_date=20250315T030000, start_date=20250316T182803, end_date=20250316T182803
[2025-03-16T18:28:03.673+0000] {local_task_job_runner.py:228} INFO - Task exited with return code 0
[2025-03-16T18:28:03.688+0000] {taskinstance.py:2776} INFO - 1 downstream tasks scheduled from follow-on schedule check
[2025-03-16T19:54:48.751+0000] {taskinstance.py:1157} INFO - Dependencies all met for dep_context=non-requeueable deps ti=<TaskInstance: passanger_traffic.creare2 scheduled__2025-03-15T03:00:00+00:00 [queued]>
[2025-03-16T19:54:48.758+0000] {taskinstance.py:1157} INFO - Dependencies all met for dep_context=requeueable deps ti=<TaskInstance: passanger_traffic.creare2 scheduled__2025-03-15T03:00:00+00:00 [queued]>
[2025-03-16T19:54:48.758+0000] {taskinstance.py:1359} INFO - Starting attempt 1 of 2
[2025-03-16T19:54:48.765+0000] {taskinstance.py:1380} INFO - Executing <Task(PostgresOperator): creare2> on 2025-03-15 03:00:00+00:00
[2025-03-16T19:54:48.767+0000] {standard_task_runner.py:57} INFO - Started process 192 to run task
[2025-03-16T19:54:48.769+0000] {standard_task_runner.py:84} INFO - Running: ['***', 'tasks', 'run', 'passanger_traffic', 'creare2', 'scheduled__2025-03-15T03:00:00+00:00', '--job-id', '3', '--raw', '--subdir', 'DAGS_FOLDER/passenger_traffic_dag.py', '--cfg-path', '/tmp/tmpi277w7qe']
[2025-03-16T19:54:48.771+0000] {standard_task_runner.py:85} INFO - Job 3: Subtask creare2
[2025-03-16T19:54:48.781+0000] {logging_mixin.py:151} WARNING - /home/***/.local/lib/python3.8/site-packages/***/settings.py:195 DeprecationWarning: The sql_alchemy_conn option in [core] has been moved to the sql_alchemy_conn option in [database] - the old setting has been used, but please update your config.
[2025-03-16T19:54:48.805+0000] {task_command.py:415} INFO - Running <TaskInstance: passanger_traffic.creare2 scheduled__2025-03-15T03:00:00+00:00 [running]> on host 01a81fd2cf97
[2025-03-16T19:54:48.856+0000] {taskinstance.py:1660} INFO - Exporting env vars: AIRFLOW_CTX_DAG_OWNER='***' AIRFLOW_CTX_DAG_ID='passanger_traffic' AIRFLOW_CTX_TASK_ID='creare2' AIRFLOW_CTX_EXECUTION_DATE='2025-03-15T03:00:00+00:00' AIRFLOW_CTX_TRY_NUMBER='1' AIRFLOW_CTX_DAG_RUN_ID='scheduled__2025-03-15T03:00:00+00:00'
[2025-03-16T19:54:48.857+0000] {sql.py:274} INFO - Executing: 
    DROP TABLE IF EXISTS presentation.passenger_traffic;


    CREATE TABLE IF NOT EXISTS presentation.passenger_traffic (
         created_at timestamp,
         flight_date date,
         airport_code char(3),
         linked_airport_code char(3),
         flights_in integer,
         flights_out integer,
         passengers_in integer,
         passengers_out integer);
[2025-03-16T19:54:48.863+0000] {base.py:73} INFO - Using connection ID '***_dwh' for task execution.
[2025-03-16T19:54:48.871+0000] {base.py:73} INFO - Using connection ID '***_dwh' for task execution.
[2025-03-16T19:54:48.876+0000] {sql.py:418} INFO - Running statement: 
    DROP TABLE IF EXISTS presentation.passenger_traffic;


    CREATE TABLE IF NOT EXISTS presentation.passenger_traffic (
         created_at timestamp,
         flight_date date,
         airport_code char(3),
         linked_airport_code char(3),
         flights_in integer,
         flights_out integer,
         passengers_in integer,
         passengers_out integer);, parameters: None
[2025-03-16T19:54:48.892+0000] {taskinstance.py:1398} INFO - Marking task as SUCCESS. dag_id=passanger_traffic, task_id=creare2, execution_date=20250315T030000, start_date=20250316T195448, end_date=20250316T195448
[2025-03-16T19:54:48.907+0000] {local_task_job_runner.py:228} INFO - Task exited with return code 0
[2025-03-16T19:54:48.925+0000] {taskinstance.py:2776} INFO - 1 downstream tasks scheduled from follow-on schedule check
[2025-03-16T20:03:55.936+0000] {taskinstance.py:1157} INFO - Dependencies all met for dep_context=non-requeueable deps ti=<TaskInstance: passanger_traffic.creare2 scheduled__2025-03-15T03:00:00+00:00 [queued]>
[2025-03-16T20:03:55.943+0000] {taskinstance.py:1157} INFO - Dependencies all met for dep_context=requeueable deps ti=<TaskInstance: passanger_traffic.creare2 scheduled__2025-03-15T03:00:00+00:00 [queued]>
[2025-03-16T20:03:55.943+0000] {taskinstance.py:1359} INFO - Starting attempt 1 of 2
[2025-03-16T20:03:55.950+0000] {taskinstance.py:1380} INFO - Executing <Task(PostgresOperator): creare2> on 2025-03-15 03:00:00+00:00
[2025-03-16T20:03:55.953+0000] {standard_task_runner.py:57} INFO - Started process 192 to run task
[2025-03-16T20:03:55.955+0000] {standard_task_runner.py:84} INFO - Running: ['***', 'tasks', 'run', 'passanger_traffic', 'creare2', 'scheduled__2025-03-15T03:00:00+00:00', '--job-id', '3', '--raw', '--subdir', 'DAGS_FOLDER/passenger_traffic_dag.py', '--cfg-path', '/tmp/tmpfjvdh8al']
[2025-03-16T20:03:55.956+0000] {standard_task_runner.py:85} INFO - Job 3: Subtask creare2
[2025-03-16T20:03:55.968+0000] {logging_mixin.py:151} WARNING - /home/***/.local/lib/python3.8/site-packages/***/settings.py:195 DeprecationWarning: The sql_alchemy_conn option in [core] has been moved to the sql_alchemy_conn option in [database] - the old setting has been used, but please update your config.
[2025-03-16T20:03:55.993+0000] {task_command.py:415} INFO - Running <TaskInstance: passanger_traffic.creare2 scheduled__2025-03-15T03:00:00+00:00 [running]> on host 16ae585d7ab0
[2025-03-16T20:03:56.045+0000] {taskinstance.py:1660} INFO - Exporting env vars: AIRFLOW_CTX_DAG_OWNER='***' AIRFLOW_CTX_DAG_ID='passanger_traffic' AIRFLOW_CTX_TASK_ID='creare2' AIRFLOW_CTX_EXECUTION_DATE='2025-03-15T03:00:00+00:00' AIRFLOW_CTX_TRY_NUMBER='1' AIRFLOW_CTX_DAG_RUN_ID='scheduled__2025-03-15T03:00:00+00:00'
[2025-03-16T20:03:56.046+0000] {sql.py:274} INFO - Executing: 
    DROP TABLE IF EXISTS presentation.passenger_traffic;


    CREATE TABLE IF NOT EXISTS presentation.passenger_traffic (
         created_at timestamp,
         flight_date date,
         airport_code char(3),
         linked_airport_code char(3),
         flights_in integer,
         flights_out integer,
         passengers_in integer,
         passengers_out integer);
[2025-03-16T20:03:56.055+0000] {base.py:73} INFO - Using connection ID '***_dwh' for task execution.
[2025-03-16T20:03:56.063+0000] {base.py:73} INFO - Using connection ID '***_dwh' for task execution.
[2025-03-16T20:03:56.068+0000] {sql.py:418} INFO - Running statement: 
    DROP TABLE IF EXISTS presentation.passenger_traffic;


    CREATE TABLE IF NOT EXISTS presentation.passenger_traffic (
         created_at timestamp,
         flight_date date,
         airport_code char(3),
         linked_airport_code char(3),
         flights_in integer,
         flights_out integer,
         passengers_in integer,
         passengers_out integer);, parameters: None
[2025-03-16T20:03:56.087+0000] {taskinstance.py:1398} INFO - Marking task as SUCCESS. dag_id=passanger_traffic, task_id=creare2, execution_date=20250315T030000, start_date=20250316T200355, end_date=20250316T200356
[2025-03-16T20:03:56.137+0000] {local_task_job_runner.py:228} INFO - Task exited with return code 0
[2025-03-16T20:03:56.154+0000] {taskinstance.py:2776} INFO - 1 downstream tasks scheduled from follow-on schedule check
[2025-03-16T20:12:19.990+0000] {taskinstance.py:1157} INFO - Dependencies all met for dep_context=non-requeueable deps ti=<TaskInstance: passanger_traffic.creare2 scheduled__2025-03-15T03:00:00+00:00 [queued]>
[2025-03-16T20:12:19.996+0000] {taskinstance.py:1157} INFO - Dependencies all met for dep_context=requeueable deps ti=<TaskInstance: passanger_traffic.creare2 scheduled__2025-03-15T03:00:00+00:00 [queued]>
[2025-03-16T20:12:19.996+0000] {taskinstance.py:1359} INFO - Starting attempt 1 of 2
[2025-03-16T20:12:20.003+0000] {taskinstance.py:1380} INFO - Executing <Task(PostgresOperator): creare2> on 2025-03-15 03:00:00+00:00
[2025-03-16T20:12:20.005+0000] {standard_task_runner.py:57} INFO - Started process 192 to run task
[2025-03-16T20:12:20.008+0000] {standard_task_runner.py:84} INFO - Running: ['***', 'tasks', 'run', 'passanger_traffic', 'creare2', 'scheduled__2025-03-15T03:00:00+00:00', '--job-id', '3', '--raw', '--subdir', 'DAGS_FOLDER/passenger_traffic_dag.py', '--cfg-path', '/tmp/tmp3nu3o7gi']
[2025-03-16T20:12:20.010+0000] {standard_task_runner.py:85} INFO - Job 3: Subtask creare2
[2025-03-16T20:12:20.023+0000] {logging_mixin.py:151} WARNING - /home/***/.local/lib/python3.8/site-packages/***/settings.py:195 DeprecationWarning: The sql_alchemy_conn option in [core] has been moved to the sql_alchemy_conn option in [database] - the old setting has been used, but please update your config.
[2025-03-16T20:12:20.051+0000] {task_command.py:415} INFO - Running <TaskInstance: passanger_traffic.creare2 scheduled__2025-03-15T03:00:00+00:00 [running]> on host b70acf7f0e92
[2025-03-16T20:12:20.104+0000] {taskinstance.py:1660} INFO - Exporting env vars: AIRFLOW_CTX_DAG_OWNER='***' AIRFLOW_CTX_DAG_ID='passanger_traffic' AIRFLOW_CTX_TASK_ID='creare2' AIRFLOW_CTX_EXECUTION_DATE='2025-03-15T03:00:00+00:00' AIRFLOW_CTX_TRY_NUMBER='1' AIRFLOW_CTX_DAG_RUN_ID='scheduled__2025-03-15T03:00:00+00:00'
[2025-03-16T20:12:20.105+0000] {sql.py:274} INFO - Executing: 
    DROP TABLE IF EXISTS presentation.passenger_traffic;


    CREATE TABLE IF NOT EXISTS presentation.passenger_traffic (
         created_at timestamp,
         flight_date date,
         airport_code char(3),
         linked_airport_code char(3),
         flights_in integer,
         flights_out integer,
         passengers_in integer,
         passengers_out integer);
[2025-03-16T20:12:20.111+0000] {base.py:73} INFO - Using connection ID '***_dwh' for task execution.
[2025-03-16T20:12:20.119+0000] {base.py:73} INFO - Using connection ID '***_dwh' for task execution.
[2025-03-16T20:12:20.124+0000] {sql.py:418} INFO - Running statement: 
    DROP TABLE IF EXISTS presentation.passenger_traffic;


    CREATE TABLE IF NOT EXISTS presentation.passenger_traffic (
         created_at timestamp,
         flight_date date,
         airport_code char(3),
         linked_airport_code char(3),
         flights_in integer,
         flights_out integer,
         passengers_in integer,
         passengers_out integer);, parameters: None
[2025-03-16T20:12:20.140+0000] {taskinstance.py:1398} INFO - Marking task as SUCCESS. dag_id=passanger_traffic, task_id=creare2, execution_date=20250315T030000, start_date=20250316T201219, end_date=20250316T201220
[2025-03-16T20:12:20.151+0000] {local_task_job_runner.py:228} INFO - Task exited with return code 0
[2025-03-16T20:12:20.169+0000] {taskinstance.py:2776} INFO - 1 downstream tasks scheduled from follow-on schedule check
[2025-03-16T20:25:00.915+0000] {taskinstance.py:1157} INFO - Dependencies all met for dep_context=non-requeueable deps ti=<TaskInstance: passanger_traffic.creare2 scheduled__2025-03-15T03:00:00+00:00 [queued]>
[2025-03-16T20:25:00.921+0000] {taskinstance.py:1157} INFO - Dependencies all met for dep_context=requeueable deps ti=<TaskInstance: passanger_traffic.creare2 scheduled__2025-03-15T03:00:00+00:00 [queued]>
[2025-03-16T20:25:00.921+0000] {taskinstance.py:1359} INFO - Starting attempt 1 of 2
[2025-03-16T20:25:00.928+0000] {taskinstance.py:1380} INFO - Executing <Task(PostgresOperator): creare2> on 2025-03-15 03:00:00+00:00
[2025-03-16T20:25:00.930+0000] {standard_task_runner.py:57} INFO - Started process 221 to run task
[2025-03-16T20:25:00.932+0000] {standard_task_runner.py:84} INFO - Running: ['***', 'tasks', 'run', 'passanger_traffic', 'creare2', 'scheduled__2025-03-15T03:00:00+00:00', '--job-id', '3', '--raw', '--subdir', 'DAGS_FOLDER/passenger_traffic_dag.py', '--cfg-path', '/tmp/tmp6qep_lz5']
[2025-03-16T20:25:00.934+0000] {standard_task_runner.py:85} INFO - Job 3: Subtask creare2
[2025-03-16T20:25:00.944+0000] {logging_mixin.py:151} WARNING - /home/***/.local/lib/python3.8/site-packages/***/settings.py:195 DeprecationWarning: The sql_alchemy_conn option in [core] has been moved to the sql_alchemy_conn option in [database] - the old setting has been used, but please update your config.
[2025-03-16T20:25:00.971+0000] {task_command.py:415} INFO - Running <TaskInstance: passanger_traffic.creare2 scheduled__2025-03-15T03:00:00+00:00 [running]> on host 711ad4f92c48
[2025-03-16T20:25:01.020+0000] {taskinstance.py:1660} INFO - Exporting env vars: AIRFLOW_CTX_DAG_OWNER='***' AIRFLOW_CTX_DAG_ID='passanger_traffic' AIRFLOW_CTX_TASK_ID='creare2' AIRFLOW_CTX_EXECUTION_DATE='2025-03-15T03:00:00+00:00' AIRFLOW_CTX_TRY_NUMBER='1' AIRFLOW_CTX_DAG_RUN_ID='scheduled__2025-03-15T03:00:00+00:00'
[2025-03-16T20:25:01.021+0000] {sql.py:274} INFO - Executing: 
    DROP TABLE IF EXISTS presentation.passenger_traffic;


    CREATE TABLE IF NOT EXISTS presentation.passenger_traffic (
         created_at timestamp,
         flight_date date,
         airport_code char(3),
         linked_airport_code char(3),
         flights_in integer,
         flights_out integer,
         passengers_in integer,
         passengers_out integer);
[2025-03-16T20:25:01.028+0000] {base.py:73} INFO - Using connection ID '***_dwh' for task execution.
[2025-03-16T20:25:01.036+0000] {base.py:73} INFO - Using connection ID '***_dwh' for task execution.
[2025-03-16T20:25:01.041+0000] {sql.py:418} INFO - Running statement: 
    DROP TABLE IF EXISTS presentation.passenger_traffic;


    CREATE TABLE IF NOT EXISTS presentation.passenger_traffic (
         created_at timestamp,
         flight_date date,
         airport_code char(3),
         linked_airport_code char(3),
         flights_in integer,
         flights_out integer,
         passengers_in integer,
         passengers_out integer);, parameters: None
[2025-03-16T20:25:01.062+0000] {taskinstance.py:1398} INFO - Marking task as SUCCESS. dag_id=passanger_traffic, task_id=creare2, execution_date=20250315T030000, start_date=20250316T202500, end_date=20250316T202501
[2025-03-16T20:25:01.113+0000] {local_task_job_runner.py:228} INFO - Task exited with return code 0
[2025-03-16T20:25:01.142+0000] {taskinstance.py:2776} INFO - 1 downstream tasks scheduled from follow-on schedule check
